{"/Users/joseph/Documents/code/RevManger/src/App.tsx": {"path":"/Users/joseph/Documents/code/RevManger/src/App.tsx","statementMap":{"0":{"start":{"line":1,"column":0},"end":{"line":1,"column":43}},"1":{"start":{"line":2,"column":0},"end":{"line":2,"column":73}},"2":{"start":{"line":3,"column":0},"end":{"line":3,"column":45}},"3":{"start":{"line":4,"column":0},"end":{"line":4,"column":48}},"4":{"start":{"line":5,"column":0},"end":{"line":5,"column":38}},"5":{"start":{"line":6,"column":0},"end":{"line":6,"column":46}},"6":{"start":{"line":7,"column":0},"end":{"line":7,"column":52}},"7":{"start":{"line":8,"column":0},"end":{"line":8,"column":60}},"8":{"start":{"line":9,"column":0},"end":{"line":9,"column":54}},"9":{"start":{"line":10,"column":0},"end":{"line":10,"column":58}},"10":{"start":{"line":11,"column":0},"end":{"line":11,"column":48}},"11":{"start":{"line":12,"column":0},"end":{"line":12,"column":54}},"12":{"start":{"line":13,"column":0},"end":{"line":13,"column":62}},"13":{"start":{"line":14,"column":0},"end":{"line":14,"column":53}},"14":{"start":{"line":15,"column":0},"end":{"line":15,"column":57}},"15":{"start":{"line":18,"column":30},"end":{"line":18,"column":59}},"16":{"start":{"line":20,"column":2},"end":{"line":36,"column":null}},"17":{"start":{"line":22,"column":22},"end":{"line":22,"column":49}},"18":{"start":{"line":23,"column":4},"end":{"line":23,"column":null}},"19":{"start":{"line":25,"column":4},"end":{"line":27,"column":null}},"20":{"start":{"line":26,"column":6},"end":{"line":26,"column":null}},"21":{"start":{"line":29,"column":4},"end":{"line":31,"column":null}},"22":{"start":{"line":30,"column":6},"end":{"line":30,"column":null}},"23":{"start":{"line":33,"column":4},"end":{"line":35,"column":null}},"24":{"start":{"line":34,"column":6},"end":{"line":34,"column":null}},"25":{"start":{"line":38,"column":2},"end":{"line":60,"column":null}},"26":{"start":{"line":63,"column":0},"end":{"line":63,"column":null}}},"fnMap":{"0":{"name":"App","decl":{"start":{"line":17,"column":9},"end":{"line":17,"column":12}},"loc":{"start":{"line":17,"column":12},"end":{"line":61,"column":1}}},"1":{"name":"(anonymous_1)","decl":{"start":{"line":20,"column":12},"end":{"line":20,"column":15}},"loc":{"start":{"line":20,"column":17},"end":{"line":36,"column":3}}},"2":{"name":"(anonymous_2)","decl":{"start":{"line":25,"column":28},"end":{"line":25,"column":31}},"loc":{"start":{"line":25,"column":33},"end":{"line":27,"column":5}}},"3":{"name":"(anonymous_3)","decl":{"start":{"line":29,"column":31},"end":{"line":29,"column":34}},"loc":{"start":{"line":29,"column":36},"end":{"line":31,"column":5}}},"4":{"name":"(anonymous_4)","decl":{"start":{"line":33,"column":11},"end":{"line":33,"column":14}},"loc":{"start":{"line":33,"column":16},"end":{"line":35,"column":5}}}},"branchMap":{},"s":{"0":0,"1":0,"2":0,"3":0,"4":0,"5":0,"6":0,"7":0,"8":0,"9":0,"10":0,"11":0,"12":0,"13":0,"14":0,"15":0,"16":0,"17":0,"18":0,"19":0,"20":0,"21":0,"22":0,"23":0,"24":0,"25":0,"26":0},"f":{"0":0,"1":0,"2":0,"3":0,"4":0},"b":{}}
,"/Users/joseph/Documents/code/RevManger/src/components/Dashboard.tsx": {"path":"/Users/joseph/Documents/code/RevManger/src/components/Dashboard.tsx","statementMap":{"0":{"start":{"line":1,"column":0},"end":{"line":1,"column":49}},"1":{"start":{"line":2,"column":0},"end":{"line":2,"column":47}},"2":{"start":{"line":3,"column":0},"end":{"line":3,"column":53}},"3":{"start":{"line":5,"column":18},"end":{"line":443,"column":1}},"4":{"start":{"line":6,"column":27},"end":{"line":6,"column":36}},"5":{"start":{"line":7,"column":33},"end":{"line":7,"column":48}},"6":{"start":{"line":9,"column":2},"end":{"line":15,"column":3}},"7":{"start":{"line":10,"column":4},"end":{"line":14,"column":null}},"8":{"start":{"line":17,"column":23},"end":{"line":20,"column":3}},"9":{"start":{"line":18,"column":4},"end":{"line":18,"column":null}},"10":{"start":{"line":19,"column":4},"end":{"line":19,"column":null}},"11":{"start":{"line":22,"column":27},"end":{"line":338,"column":3}},"12":{"start":{"line":23,"column":4},"end":{"line":337,"column":null}},"13":{"start":{"line":194,"column":35},"end":{"line":194,"column":69}},"14":{"start":{"line":229,"column":35},"end":{"line":229,"column":76}},"15":{"start":{"line":235,"column":35},"end":{"line":235,"column":65}},"16":{"start":{"line":264,"column":35},"end":{"line":264,"column":66}},"17":{"start":{"line":270,"column":35},"end":{"line":270,"column":66}},"18":{"start":{"line":298,"column":33},"end":{"line":298,"column":63}},"19":{"start":{"line":340,"column":2},"end":{"line":442,"column":null}},"20":{"start":{"line":445,"column":0},"end":{"line":445,"column":null}}},"fnMap":{"0":{"name":"(anonymous_0)","decl":{"start":{"line":5,"column":18},"end":{"line":5,"column":21}},"loc":{"start":{"line":5,"column":23},"end":{"line":443,"column":1}}},"1":{"name":"(anonymous_1)","decl":{"start":{"line":17,"column":23},"end":{"line":17,"column":28}},"loc":{"start":{"line":17,"column":34},"end":{"line":20,"column":3}}},"2":{"name":"(anonymous_2)","decl":{"start":{"line":22,"column":27},"end":{"line":22,"column":30}},"loc":{"start":{"line":22,"column":32},"end":{"line":338,"column":3}}},"3":{"name":"(anonymous_3)","decl":{"start":{"line":194,"column":29},"end":{"line":194,"column":32}},"loc":{"start":{"line":194,"column":35},"end":{"line":194,"column":69}}},"4":{"name":"(anonymous_4)","decl":{"start":{"line":229,"column":29},"end":{"line":229,"column":32}},"loc":{"start":{"line":229,"column":35},"end":{"line":229,"column":76}}},"5":{"name":"(anonymous_5)","decl":{"start":{"line":235,"column":29},"end":{"line":235,"column":32}},"loc":{"start":{"line":235,"column":35},"end":{"line":235,"column":65}}},"6":{"name":"(anonymous_6)","decl":{"start":{"line":264,"column":29},"end":{"line":264,"column":32}},"loc":{"start":{"line":264,"column":35},"end":{"line":264,"column":66}}},"7":{"name":"(anonymous_7)","decl":{"start":{"line":270,"column":29},"end":{"line":270,"column":32}},"loc":{"start":{"line":270,"column":35},"end":{"line":270,"column":66}}},"8":{"name":"(anonymous_8)","decl":{"start":{"line":298,"column":27},"end":{"line":298,"column":30}},"loc":{"start":{"line":298,"column":33},"end":{"line":298,"column":63}}}},"branchMap":{"0":{"loc":{"start":{"line":9,"column":2},"end":{"line":15,"column":3}},"type":"if","locations":[{"start":{"line":9,"column":2},"end":{"line":15,"column":3}},{"start":{},"end":{}}]},"1":{"loc":{"start":{"line":26,"column":9},"end":{"line":51,"column":null}},"type":"binary-expr","locations":[{"start":{"line":26,"column":9},"end":{"line":26,"column":37}},{"start":{"line":27,"column":10},"end":{"line":50,"column":null}}]},"2":{"loc":{"start":{"line":55,"column":9},"end":{"line":81,"column":null}},"type":"binary-expr","locations":[{"start":{"line":55,"column":9},"end":{"line":55,"column":41}},{"start":{"line":56,"column":10},"end":{"line":80,"column":null}}]},"3":{"loc":{"start":{"line":85,"column":9},"end":{"line":110,"column":null}},"type":"binary-expr","locations":[{"start":{"line":85,"column":9},"end":{"line":85,"column":36}},{"start":{"line":86,"column":10},"end":{"line":109,"column":null}}]},"4":{"loc":{"start":{"line":114,"column":9},"end":{"line":144,"column":null}},"type":"binary-expr","locations":[{"start":{"line":114,"column":9},"end":{"line":114,"column":38}},{"start":{"line":115,"column":10},"end":{"line":143,"column":null}}]},"5":{"loc":{"start":{"line":127,"column":19},"end":{"line":129,"column":90}},"type":"cond-expr","locations":[{"start":{"line":128,"column":22},"end":{"line":128,"column":87}},{"start":{"line":129,"column":22},"end":{"line":129,"column":90}}]},"6":{"loc":{"start":{"line":133,"column":19},"end":{"line":136,"column":null}},"type":"binary-expr","locations":[{"start":{"line":133,"column":19},"end":{"line":133,"column":41}},{"start":{"line":134,"column":20},"end":{"line":134,"column":null}}]},"7":{"loc":{"start":{"line":148,"column":9},"end":{"line":173,"column":null}},"type":"binary-expr","locations":[{"start":{"line":148,"column":9},"end":{"line":148,"column":37}},{"start":{"line":149,"column":10},"end":{"line":172,"column":null}}]},"8":{"loc":{"start":{"line":177,"column":9},"end":{"line":208,"column":null}},"type":"binary-expr","locations":[{"start":{"line":177,"column":9},"end":{"line":177,"column":37}},{"start":{"line":178,"column":10},"end":{"line":207,"column":null}}]},"9":{"loc":{"start":{"line":212,"column":9},"end":{"line":243,"column":null}},"type":"binary-expr","locations":[{"start":{"line":212,"column":10},"end":{"line":212,"column":27}},{"start":{"line":212,"column":31},"end":{"line":212,"column":46}},{"start":{"line":213,"column":10},"end":{"line":242,"column":null}}]},"10":{"loc":{"start":{"line":247,"column":9},"end":{"line":278,"column":null}},"type":"binary-expr","locations":[{"start":{"line":247,"column":10},"end":{"line":247,"column":27}},{"start":{"line":247,"column":31},"end":{"line":247,"column":46}},{"start":{"line":248,"column":10},"end":{"line":277,"column":null}}]},"11":{"loc":{"start":{"line":309,"column":9},"end":{"line":334,"column":null}},"type":"binary-expr","locations":[{"start":{"line":309,"column":9},"end":{"line":309,"column":25}},{"start":{"line":310,"column":10},"end":{"line":333,"column":null}}]},"12":{"loc":{"start":{"line":415,"column":15},"end":{"line":432,"column":null}},"type":"binary-expr","locations":[{"start":{"line":415,"column":16},"end":{"line":415,"column":33}},{"start":{"line":415,"column":37},"end":{"line":415,"column":52}},{"start":{"line":416,"column":16},"end":{"line":431,"column":null}}]}},"s":{"0":0,"1":0,"2":0,"3":0,"4":0,"5":0,"6":0,"7":0,"8":0,"9":0,"10":0,"11":0,"12":0,"13":0,"14":0,"15":0,"16":0,"17":0,"18":0,"19":0,"20":0},"f":{"0":0,"1":0,"2":0,"3":0,"4":0,"5":0,"6":0,"7":0,"8":0},"b":{"0":[0,0],"1":[0,0],"2":[0,0],"3":[0,0],"4":[0,0],"5":[0,0],"6":[0,0],"7":[0,0],"8":[0,0],"9":[0,0,0],"10":[0,0,0],"11":[0,0],"12":[0,0,0]}}
,"/Users/joseph/Documents/code/RevManger/src/components/KitchenDashboard.new.tsx": {"path":"/Users/joseph/Documents/code/RevManger/src/components/KitchenDashboard.new.tsx","statementMap":{"0":{"start":{"line":1,"column":0},"end":{"line":1,"column":43}},"1":{"start":{"line":2,"column":0},"end":{"line":2,"column":49}},"2":{"start":{"line":3,"column":0},"end":{"line":3,"column":53}},"3":{"start":{"line":23,"column":25},"end":{"line":295,"column":1}},"4":{"start":{"line":24,"column":19},"end":{"line":24,"column":28}},"5":{"start":{"line":25,"column":21},"end":{"line":25,"column":32}},"6":{"start":{"line":26,"column":32},"end":{"line":32,"column":4}},"7":{"start":{"line":33,"column":46},"end":{"line":33,"column":76}},"8":{"start":{"line":34,"column":32},"end":{"line":34,"column":46}},"9":{"start":{"line":37,"column":27},"end":{"line":37,"column":97}},"10":{"start":{"line":40,"column":23},"end":{"line":57,"column":3}},"11":{"start":{"line":41,"column":4},"end":{"line":56,"column":5}},"12":{"start":{"line":42,"column":23},"end":{"line":46,"column":8}},"13":{"start":{"line":48,"column":6},"end":{"line":51,"column":7}},"14":{"start":{"line":49,"column":21},"end":{"line":49,"column":42}},"15":{"start":{"line":50,"column":8},"end":{"line":50,"column":null}},"16":{"start":{"line":53,"column":6},"end":{"line":53,"column":null}},"17":{"start":{"line":55,"column":6},"end":{"line":55,"column":null}},"18":{"start":{"line":60,"column":30},"end":{"line":75,"column":3}},"19":{"start":{"line":61,"column":4},"end":{"line":74,"column":5}},"20":{"start":{"line":62,"column":23},"end":{"line":66,"column":8}},"21":{"start":{"line":68,"column":6},"end":{"line":71,"column":7}},"22":{"start":{"line":69,"column":21},"end":{"line":69,"column":42}},"23":{"start":{"line":70,"column":8},"end":{"line":70,"column":null}},"24":{"start":{"line":73,"column":6},"end":{"line":73,"column":null}},"25":{"start":{"line":77,"column":2},"end":{"line":82,"column":null}},"26":{"start":{"line":78,"column":4},"end":{"line":81,"column":5}},"27":{"start":{"line":79,"column":6},"end":{"line":79,"column":null}},"28":{"start":{"line":80,"column":6},"end":{"line":80,"column":null}},"29":{"start":{"line":84,"column":2},"end":{"line":100,"column":null}},"30":{"start":{"line":85,"column":4},"end":{"line":99,"column":5}},"31":{"start":{"line":87,"column":6},"end":{"line":89,"column":null}},"32":{"start":{"line":88,"column":8},"end":{"line":88,"column":null}},"33":{"start":{"line":91,"column":6},"end":{"line":93,"column":null}},"34":{"start":{"line":92,"column":8},"end":{"line":92,"column":null}},"35":{"start":{"line":92,"column":34},"end":{"line":92,"column":65}},"36":{"start":{"line":95,"column":6},"end":{"line":98,"column":null}},"37":{"start":{"line":96,"column":8},"end":{"line":96,"column":null}},"38":{"start":{"line":97,"column":8},"end":{"line":97,"column":null}},"39":{"start":{"line":102,"column":21},"end":{"line":107,"column":3}},"40":{"start":{"line":103,"column":4},"end":{"line":106,"column":null}},"41":{"start":{"line":109,"column":2},"end":{"line":129,"column":3}},"42":{"start":{"line":110,"column":4},"end":{"line":128,"column":null}},"43":{"start":{"line":131,"column":2},"end":{"line":140,"column":3}},"44":{"start":{"line":132,"column":4},"end":{"line":139,"column":null}},"45":{"start":{"line":142,"column":2},"end":{"line":294,"column":null}},"46":{"start":{"line":247,"column":16},"end":{"line":247,"column":39}},"47":{"start":{"line":297,"column":0},"end":{"line":297,"column":null}}},"fnMap":{"0":{"name":"(anonymous_0)","decl":{"start":{"line":23,"column":25},"end":{"line":23,"column":28}},"loc":{"start":{"line":23,"column":30},"end":{"line":295,"column":1}}},"1":{"name":"(anonymous_1)","decl":{"start":{"line":40,"column":23},"end":{"line":40,"column":28}},"loc":{"start":{"line":40,"column":34},"end":{"line":57,"column":3}}},"2":{"name":"(anonymous_2)","decl":{"start":{"line":60,"column":30},"end":{"line":60,"column":35}},"loc":{"start":{"line":60,"column":41},"end":{"line":75,"column":3}}},"3":{"name":"(anonymous_3)","decl":{"start":{"line":77,"column":12},"end":{"line":77,"column":15}},"loc":{"start":{"line":77,"column":17},"end":{"line":82,"column":3}}},"4":{"name":"(anonymous_4)","decl":{"start":{"line":84,"column":12},"end":{"line":84,"column":15}},"loc":{"start":{"line":84,"column":17},"end":{"line":100,"column":3}}},"5":{"name":"(anonymous_5)","decl":{"start":{"line":87,"column":42},"end":{"line":87,"column":43}},"loc":{"start":{"line":87,"column":65},"end":{"line":89,"column":7}}},"6":{"name":"(anonymous_6)","decl":{"start":{"line":91,"column":43},"end":{"line":91,"column":44}},"loc":{"start":{"line":91,"column":72},"end":{"line":93,"column":7}}},"7":{"name":"(anonymous_7)","decl":{"start":{"line":92,"column":26},"end":{"line":92,"column":30}},"loc":{"start":{"line":92,"column":34},"end":{"line":92,"column":65}}},"8":{"name":"(anonymous_8)","decl":{"start":{"line":95,"column":13},"end":{"line":95,"column":16}},"loc":{"start":{"line":95,"column":18},"end":{"line":98,"column":7}}},"9":{"name":"(anonymous_9)","decl":{"start":{"line":102,"column":21},"end":{"line":102,"column":22}},"loc":{"start":{"line":102,"column":44},"end":{"line":107,"column":3}}},"10":{"name":"(anonymous_10)","decl":{"start":{"line":246,"column":33},"end":{"line":246,"column":34}},"loc":{"start":{"line":247,"column":16},"end":{"line":247,"column":39}}}},"branchMap":{"0":{"loc":{"start":{"line":37,"column":27},"end":{"line":37,"column":97}},"type":"binary-expr","locations":[{"start":{"line":37,"column":27},"end":{"line":37,"column":37}},{"start":{"line":37,"column":41},"end":{"line":37,"column":97}}]},"1":{"loc":{"start":{"line":48,"column":6},"end":{"line":51,"column":7}},"type":"if","locations":[{"start":{"line":48,"column":6},"end":{"line":51,"column":7}},{"start":{},"end":{}}]},"2":{"loc":{"start":{"line":68,"column":6},"end":{"line":71,"column":7}},"type":"if","locations":[{"start":{"line":68,"column":6},"end":{"line":71,"column":7}},{"start":{},"end":{}}]},"3":{"loc":{"start":{"line":78,"column":4},"end":{"line":81,"column":5}},"type":"if","locations":[{"start":{"line":78,"column":4},"end":{"line":81,"column":5}},{"start":{},"end":{}}]},"4":{"loc":{"start":{"line":85,"column":4},"end":{"line":99,"column":5}},"type":"if","locations":[{"start":{"line":85,"column":4},"end":{"line":99,"column":5}},{"start":{},"end":{}}]},"5":{"loc":{"start":{"line":85,"column":8},"end":{"line":85,"column":34}},"type":"binary-expr","locations":[{"start":{"line":85,"column":8},"end":{"line":85,"column":14}},{"start":{"line":85,"column":18},"end":{"line":85,"column":34}}]},"6":{"loc":{"start":{"line":109,"column":2},"end":{"line":129,"column":3}},"type":"if","locations":[{"start":{"line":109,"column":2},"end":{"line":129,"column":3}},{"start":{},"end":{}}]},"7":{"loc":{"start":{"line":131,"column":2},"end":{"line":140,"column":3}},"type":"if","locations":[{"start":{"line":131,"column":2},"end":{"line":140,"column":3}},{"start":{},"end":{}}]},"8":{"loc":{"start":{"line":243,"column":13},"end":{"line":257,"column":null}},"type":"cond-expr","locations":[{"start":{"line":244,"column":14},"end":{"line":244,"column":82}},{"start":{"line":246,"column":14},"end":{"line":257,"column":16}}]},"9":{"loc":{"start":{"line":250,"column":22},"end":{"line":251,"column":null}},"type":"cond-expr","locations":[{"start":{"line":250,"column":54},"end":{"line":250,"column":67}},{"start":{"line":251,"column":22},"end":{"line":251,"column":null}}]},"10":{"loc":{"start":{"line":251,"column":22},"end":{"line":251,"column":null}},"type":"cond-expr","locations":[{"start":{"line":251,"column":58},"end":{"line":251,"column":72}},{"start":{"line":251,"column":75},"end":{"line":251,"column":null}}]},"11":{"loc":{"start":{"line":274,"column":19},"end":{"line":276,"column":26}},"type":"cond-expr","locations":[{"start":{"line":275,"column":22},"end":{"line":275,"column":153}},{"start":{"line":276,"column":22},"end":{"line":276,"column":26}}]},"12":{"loc":{"start":{"line":283,"column":20},"end":{"line":285,"column":28}},"type":"cond-expr","locations":[{"start":{"line":284,"column":22},"end":{"line":284,"column":88}},{"start":{"line":285,"column":22},"end":{"line":285,"column":28}}]}},"s":{"0":0,"1":0,"2":0,"3":0,"4":0,"5":0,"6":0,"7":0,"8":0,"9":0,"10":0,"11":0,"12":0,"13":0,"14":0,"15":0,"16":0,"17":0,"18":0,"19":0,"20":0,"21":0,"22":0,"23":0,"24":0,"25":0,"26":0,"27":0,"28":0,"29":0,"30":0,"31":0,"32":0,"33":0,"34":0,"35":0,"36":0,"37":0,"38":0,"39":0,"40":0,"41":0,"42":0,"43":0,"44":0,"45":0,"46":0,"47":0},"f":{"0":0,"1":0,"2":0,"3":0,"4":0,"5":0,"6":0,"7":0,"8":0,"9":0,"10":0},"b":{"0":[0,0],"1":[0,0],"2":[0,0],"3":[0,0],"4":[0,0],"5":[0,0],"6":[0,0],"7":[0,0],"8":[0,0],"9":[0,0],"10":[0,0],"11":[0,0],"12":[0,0]}}
,"/Users/joseph/Documents/code/RevManger/src/components/KitchenDashboard.tsx": {"path":"/Users/joseph/Documents/code/RevManger/src/components/KitchenDashboard.tsx","statementMap":{"0":{"start":{"line":1,"column":0},"end":{"line":1,"column":43}},"1":{"start":{"line":2,"column":0},"end":{"line":2,"column":49}},"2":{"start":{"line":3,"column":0},"end":{"line":3,"column":53}},"3":{"start":{"line":23,"column":25},"end":{"line":295,"column":1}},"4":{"start":{"line":24,"column":19},"end":{"line":24,"column":28}},"5":{"start":{"line":25,"column":21},"end":{"line":25,"column":32}},"6":{"start":{"line":26,"column":32},"end":{"line":32,"column":4}},"7":{"start":{"line":33,"column":46},"end":{"line":33,"column":76}},"8":{"start":{"line":34,"column":32},"end":{"line":34,"column":46}},"9":{"start":{"line":37,"column":27},"end":{"line":37,"column":97}},"10":{"start":{"line":40,"column":23},"end":{"line":57,"column":3}},"11":{"start":{"line":41,"column":4},"end":{"line":56,"column":5}},"12":{"start":{"line":42,"column":23},"end":{"line":46,"column":8}},"13":{"start":{"line":48,"column":6},"end":{"line":51,"column":7}},"14":{"start":{"line":49,"column":21},"end":{"line":49,"column":42}},"15":{"start":{"line":50,"column":8},"end":{"line":50,"column":null}},"16":{"start":{"line":53,"column":6},"end":{"line":53,"column":null}},"17":{"start":{"line":55,"column":6},"end":{"line":55,"column":null}},"18":{"start":{"line":60,"column":30},"end":{"line":75,"column":3}},"19":{"start":{"line":61,"column":4},"end":{"line":74,"column":5}},"20":{"start":{"line":62,"column":23},"end":{"line":66,"column":8}},"21":{"start":{"line":68,"column":6},"end":{"line":71,"column":7}},"22":{"start":{"line":69,"column":21},"end":{"line":69,"column":42}},"23":{"start":{"line":70,"column":8},"end":{"line":70,"column":null}},"24":{"start":{"line":73,"column":6},"end":{"line":73,"column":null}},"25":{"start":{"line":77,"column":2},"end":{"line":82,"column":null}},"26":{"start":{"line":78,"column":4},"end":{"line":81,"column":5}},"27":{"start":{"line":79,"column":6},"end":{"line":79,"column":null}},"28":{"start":{"line":80,"column":6},"end":{"line":80,"column":null}},"29":{"start":{"line":84,"column":2},"end":{"line":100,"column":null}},"30":{"start":{"line":85,"column":4},"end":{"line":99,"column":5}},"31":{"start":{"line":87,"column":6},"end":{"line":89,"column":null}},"32":{"start":{"line":88,"column":8},"end":{"line":88,"column":null}},"33":{"start":{"line":91,"column":6},"end":{"line":93,"column":null}},"34":{"start":{"line":92,"column":8},"end":{"line":92,"column":null}},"35":{"start":{"line":92,"column":34},"end":{"line":92,"column":65}},"36":{"start":{"line":95,"column":6},"end":{"line":98,"column":null}},"37":{"start":{"line":96,"column":8},"end":{"line":96,"column":null}},"38":{"start":{"line":97,"column":8},"end":{"line":97,"column":null}},"39":{"start":{"line":102,"column":21},"end":{"line":107,"column":3}},"40":{"start":{"line":103,"column":4},"end":{"line":106,"column":null}},"41":{"start":{"line":109,"column":2},"end":{"line":129,"column":3}},"42":{"start":{"line":110,"column":4},"end":{"line":128,"column":null}},"43":{"start":{"line":131,"column":2},"end":{"line":140,"column":3}},"44":{"start":{"line":132,"column":4},"end":{"line":139,"column":null}},"45":{"start":{"line":142,"column":2},"end":{"line":294,"column":null}},"46":{"start":{"line":247,"column":16},"end":{"line":247,"column":39}},"47":{"start":{"line":297,"column":0},"end":{"line":297,"column":null}}},"fnMap":{"0":{"name":"(anonymous_0)","decl":{"start":{"line":23,"column":25},"end":{"line":23,"column":28}},"loc":{"start":{"line":23,"column":30},"end":{"line":295,"column":1}}},"1":{"name":"(anonymous_1)","decl":{"start":{"line":40,"column":23},"end":{"line":40,"column":28}},"loc":{"start":{"line":40,"column":34},"end":{"line":57,"column":3}}},"2":{"name":"(anonymous_2)","decl":{"start":{"line":60,"column":30},"end":{"line":60,"column":35}},"loc":{"start":{"line":60,"column":41},"end":{"line":75,"column":3}}},"3":{"name":"(anonymous_3)","decl":{"start":{"line":77,"column":12},"end":{"line":77,"column":15}},"loc":{"start":{"line":77,"column":17},"end":{"line":82,"column":3}}},"4":{"name":"(anonymous_4)","decl":{"start":{"line":84,"column":12},"end":{"line":84,"column":15}},"loc":{"start":{"line":84,"column":17},"end":{"line":100,"column":3}}},"5":{"name":"(anonymous_5)","decl":{"start":{"line":87,"column":42},"end":{"line":87,"column":43}},"loc":{"start":{"line":87,"column":65},"end":{"line":89,"column":7}}},"6":{"name":"(anonymous_6)","decl":{"start":{"line":91,"column":43},"end":{"line":91,"column":44}},"loc":{"start":{"line":91,"column":72},"end":{"line":93,"column":7}}},"7":{"name":"(anonymous_7)","decl":{"start":{"line":92,"column":26},"end":{"line":92,"column":30}},"loc":{"start":{"line":92,"column":34},"end":{"line":92,"column":65}}},"8":{"name":"(anonymous_8)","decl":{"start":{"line":95,"column":13},"end":{"line":95,"column":16}},"loc":{"start":{"line":95,"column":18},"end":{"line":98,"column":7}}},"9":{"name":"(anonymous_9)","decl":{"start":{"line":102,"column":21},"end":{"line":102,"column":22}},"loc":{"start":{"line":102,"column":44},"end":{"line":107,"column":3}}},"10":{"name":"(anonymous_10)","decl":{"start":{"line":246,"column":33},"end":{"line":246,"column":34}},"loc":{"start":{"line":247,"column":16},"end":{"line":247,"column":39}}}},"branchMap":{"0":{"loc":{"start":{"line":37,"column":27},"end":{"line":37,"column":97}},"type":"binary-expr","locations":[{"start":{"line":37,"column":27},"end":{"line":37,"column":37}},{"start":{"line":37,"column":41},"end":{"line":37,"column":97}}]},"1":{"loc":{"start":{"line":48,"column":6},"end":{"line":51,"column":7}},"type":"if","locations":[{"start":{"line":48,"column":6},"end":{"line":51,"column":7}},{"start":{},"end":{}}]},"2":{"loc":{"start":{"line":68,"column":6},"end":{"line":71,"column":7}},"type":"if","locations":[{"start":{"line":68,"column":6},"end":{"line":71,"column":7}},{"start":{},"end":{}}]},"3":{"loc":{"start":{"line":78,"column":4},"end":{"line":81,"column":5}},"type":"if","locations":[{"start":{"line":78,"column":4},"end":{"line":81,"column":5}},{"start":{},"end":{}}]},"4":{"loc":{"start":{"line":85,"column":4},"end":{"line":99,"column":5}},"type":"if","locations":[{"start":{"line":85,"column":4},"end":{"line":99,"column":5}},{"start":{},"end":{}}]},"5":{"loc":{"start":{"line":85,"column":8},"end":{"line":85,"column":34}},"type":"binary-expr","locations":[{"start":{"line":85,"column":8},"end":{"line":85,"column":14}},{"start":{"line":85,"column":18},"end":{"line":85,"column":34}}]},"6":{"loc":{"start":{"line":109,"column":2},"end":{"line":129,"column":3}},"type":"if","locations":[{"start":{"line":109,"column":2},"end":{"line":129,"column":3}},{"start":{},"end":{}}]},"7":{"loc":{"start":{"line":131,"column":2},"end":{"line":140,"column":3}},"type":"if","locations":[{"start":{"line":131,"column":2},"end":{"line":140,"column":3}},{"start":{},"end":{}}]},"8":{"loc":{"start":{"line":243,"column":13},"end":{"line":257,"column":null}},"type":"cond-expr","locations":[{"start":{"line":244,"column":14},"end":{"line":244,"column":82}},{"start":{"line":246,"column":14},"end":{"line":257,"column":16}}]},"9":{"loc":{"start":{"line":250,"column":22},"end":{"line":251,"column":null}},"type":"cond-expr","locations":[{"start":{"line":250,"column":54},"end":{"line":250,"column":67}},{"start":{"line":251,"column":22},"end":{"line":251,"column":null}}]},"10":{"loc":{"start":{"line":251,"column":22},"end":{"line":251,"column":null}},"type":"cond-expr","locations":[{"start":{"line":251,"column":58},"end":{"line":251,"column":72}},{"start":{"line":251,"column":75},"end":{"line":251,"column":null}}]},"11":{"loc":{"start":{"line":274,"column":19},"end":{"line":276,"column":26}},"type":"cond-expr","locations":[{"start":{"line":275,"column":22},"end":{"line":275,"column":153}},{"start":{"line":276,"column":22},"end":{"line":276,"column":26}}]},"12":{"loc":{"start":{"line":283,"column":20},"end":{"line":285,"column":28}},"type":"cond-expr","locations":[{"start":{"line":284,"column":22},"end":{"line":284,"column":88}},{"start":{"line":285,"column":22},"end":{"line":285,"column":28}}]}},"s":{"0":0,"1":0,"2":0,"3":0,"4":0,"5":0,"6":0,"7":0,"8":0,"9":0,"10":0,"11":0,"12":0,"13":0,"14":0,"15":0,"16":0,"17":0,"18":0,"19":0,"20":0,"21":0,"22":0,"23":0,"24":0,"25":0,"26":0,"27":0,"28":0,"29":0,"30":0,"31":0,"32":0,"33":0,"34":0,"35":0,"36":0,"37":0,"38":0,"39":0,"40":0,"41":0,"42":0,"43":0,"44":0,"45":0,"46":0,"47":0},"f":{"0":0,"1":0,"2":0,"3":0,"4":0,"5":0,"6":0,"7":0,"8":0,"9":0,"10":0},"b":{"0":[0,0],"1":[0,0],"2":[0,0],"3":[0,0],"4":[0,0],"5":[0,0],"6":[0,0],"7":[0,0],"8":[0,0],"9":[0,0],"10":[0,0],"11":[0,0],"12":[0,0]}}
,"/Users/joseph/Documents/code/RevManger/src/components/KitchenQueue.tsx": {"path":"/Users/joseph/Documents/code/RevManger/src/components/KitchenQueue.tsx","statementMap":{"0":{"start":{"line":1,"column":0},"end":{"line":1,"column":56}},"1":{"start":{"line":2,"column":0},"end":{"line":2,"column":49}},"2":{"start":{"line":3,"column":0},"end":{"line":3,"column":53}},"3":{"start":{"line":37,"column":21},"end":{"line":521,"column":1}},"4":{"start":{"line":38,"column":19},"end":{"line":38,"column":28}},"5":{"start":{"line":39,"column":21},"end":{"line":39,"column":32}},"6":{"start":{"line":40,"column":30},"end":{"line":40,"column":51}},"7":{"start":{"line":41,"column":32},"end":{"line":41,"column":46}},"8":{"start":{"line":42,"column":28},"end":{"line":42,"column":57}},"9":{"start":{"line":43,"column":46},"end":{"line":43,"column":78}},"10":{"start":{"line":46,"column":27},"end":{"line":46,"column":97}},"11":{"start":{"line":49,"column":22},"end":{"line":72,"column":8}},"12":{"start":{"line":50,"column":4},"end":{"line":71,"column":5}},"13":{"start":{"line":51,"column":6},"end":{"line":51,"column":null}},"14":{"start":{"line":52,"column":6},"end":{"line":52,"column":null}},"15":{"start":{"line":54,"column":23},"end":{"line":58,"column":8}},"16":{"start":{"line":60,"column":6},"end":{"line":62,"column":7}},"17":{"start":{"line":61,"column":8},"end":{"line":61,"column":null}},"18":{"start":{"line":64,"column":25},"end":{"line":64,"column":46}},"19":{"start":{"line":65,"column":6},"end":{"line":65,"column":null}},"20":{"start":{"line":67,"column":6},"end":{"line":67,"column":null}},"21":{"start":{"line":68,"column":6},"end":{"line":68,"column":null}},"22":{"start":{"line":70,"column":6},"end":{"line":70,"column":null}},"23":{"start":{"line":75,"column":28},"end":{"line":123,"column":12}},"24":{"start":{"line":76,"column":4},"end":{"line":76,"column":21}},"25":{"start":{"line":76,"column":15},"end":{"line":76,"column":21}},"26":{"start":{"line":78,"column":4},"end":{"line":122,"column":5}},"27":{"start":{"line":79,"column":6},"end":{"line":79,"column":null}},"28":{"start":{"line":79,"column":32},"end":{"line":79,"column":58}},"29":{"start":{"line":81,"column":31},"end":{"line":84,"column":null}},"30":{"start":{"line":87,"column":6},"end":{"line":90,"column":7}},"31":{"start":{"line":88,"column":36},"end":{"line":88,"column":97}},"32":{"start":{"line":89,"column":8},"end":{"line":89,"column":null}},"33":{"start":{"line":92,"column":23},"end":{"line":99,"column":8}},"34":{"start":{"line":101,"column":6},"end":{"line":103,"column":7}},"35":{"start":{"line":102,"column":8},"end":{"line":102,"column":null}},"36":{"start":{"line":105,"column":27},"end":{"line":105,"column":48}},"37":{"start":{"line":108,"column":6},"end":{"line":110,"column":null}},"38":{"start":{"line":108,"column":24},"end":{"line":109,"column":null}},"39":{"start":{"line":109,"column":8},"end":{"line":109,"column":68}},"40":{"start":{"line":112,"column":6},"end":{"line":112,"column":null}},"41":{"start":{"line":114,"column":6},"end":{"line":114,"column":null}},"42":{"start":{"line":115,"column":6},"end":{"line":115,"column":null}},"43":{"start":{"line":117,"column":6},"end":{"line":121,"column":null}},"44":{"start":{"line":118,"column":23},"end":{"line":118,"column":36}},"45":{"start":{"line":119,"column":8},"end":{"line":119,"column":null}},"46":{"start":{"line":120,"column":8},"end":{"line":120,"column":null}},"47":{"start":{"line":126,"column":2},"end":{"line":176,"column":null}},"48":{"start":{"line":127,"column":4},"end":{"line":127,"column":23}},"49":{"start":{"line":127,"column":17},"end":{"line":127,"column":23}},"50":{"start":{"line":129,"column":27},"end":{"line":140,"column":5}},"51":{"start":{"line":130,"column":6},"end":{"line":130,"column":null}},"52":{"start":{"line":131,"column":6},"end":{"line":131,"column":null}},"53":{"start":{"line":131,"column":24},"end":{"line":131,"column":44}},"54":{"start":{"line":134,"column":6},"end":{"line":139,"column":7}},"55":{"start":{"line":135,"column":8},"end":{"line":138,"column":null}},"56":{"start":{"line":142,"column":36},"end":{"line":155,"column":5}},"57":{"start":{"line":143,"column":6},"end":{"line":143,"column":null}},"58":{"start":{"line":144,"column":6},"end":{"line":154,"column":null}},"59":{"start":{"line":144,"column":24},"end":{"line":154,"column":8}},"60":{"start":{"line":145,"column":8},"end":{"line":152,"column":9}},"61":{"start":{"line":146,"column":10},"end":{"line":151,"column":null}},"62":{"start":{"line":153,"column":8},"end":{"line":153,"column":null}},"63":{"start":{"line":157,"column":33},"end":{"line":164,"column":5}},"64":{"start":{"line":158,"column":6},"end":{"line":158,"column":null}},"65":{"start":{"line":159,"column":6},"end":{"line":163,"column":null}},"66":{"start":{"line":159,"column":24},"end":{"line":162,"column":null}},"67":{"start":{"line":160,"column":8},"end":{"line":162,"column":17}},"68":{"start":{"line":167,"column":4},"end":{"line":167,"column":null}},"69":{"start":{"line":168,"column":4},"end":{"line":168,"column":null}},"70":{"start":{"line":169,"column":4},"end":{"line":169,"column":null}},"71":{"start":{"line":171,"column":4},"end":{"line":175,"column":null}},"72":{"start":{"line":172,"column":6},"end":{"line":172,"column":null}},"73":{"start":{"line":173,"column":6},"end":{"line":173,"column":null}},"74":{"start":{"line":174,"column":6},"end":{"line":174,"column":null}},"75":{"start":{"line":179,"column":2},"end":{"line":183,"column":null}},"76":{"start":{"line":180,"column":4},"end":{"line":182,"column":5}},"77":{"start":{"line":181,"column":6},"end":{"line":181,"column":null}},"78":{"start":{"line":186,"column":2},"end":{"line":190,"column":null}},"79":{"start":{"line":187,"column":4},"end":{"line":189,"column":5}},"80":{"start":{"line":188,"column":6},"end":{"line":188,"column":null}},"81":{"start":{"line":193,"column":28},"end":{"line":196,"column":14}},"82":{"start":{"line":194,"column":4},"end":{"line":195,"column":null}},"83":{"start":{"line":194,"column":34},"end":{"line":194,"column":57}},"84":{"start":{"line":195,"column":22},"end":{"line":195,"column":89}},"85":{"start":{"line":198,"column":27},"end":{"line":206,"column":3}},"86":{"start":{"line":199,"column":22},"end":{"line":199,"column":58}},"87":{"start":{"line":200,"column":16},"end":{"line":200,"column":26}},"88":{"start":{"line":201,"column":23},"end":{"line":201,"column":54}},"89":{"start":{"line":203,"column":4},"end":{"line":203,"column":null}},"90":{"start":{"line":203,"column":25},"end":{"line":203,"column":null}},"91":{"start":{"line":204,"column":4},"end":{"line":204,"column":null}},"92":{"start":{"line":204,"column":25},"end":{"line":204,"column":null}},"93":{"start":{"line":205,"column":4},"end":{"line":205,"column":null}},"94":{"start":{"line":208,"column":21},"end":{"line":213,"column":3}},"95":{"start":{"line":209,"column":4},"end":{"line":212,"column":null}},"96":{"start":{"line":215,"column":25},"end":{"line":226,"column":3}},"97":{"start":{"line":216,"column":22},"end":{"line":216,"column":52}},"98":{"start":{"line":217,"column":16},"end":{"line":217,"column":26}},"99":{"start":{"line":218,"column":27},"end":{"line":218,"column":70}},"100":{"start":{"line":220,"column":4},"end":{"line":220,"column":null}},"101":{"start":{"line":220,"column":28},"end":{"line":220,"column":null}},"102":{"start":{"line":221,"column":4},"end":{"line":221,"column":null}},"103":{"start":{"line":221,"column":29},"end":{"line":221,"column":null}},"104":{"start":{"line":223,"column":25},"end":{"line":223,"column":56}},"105":{"start":{"line":224,"column":29},"end":{"line":224,"column":48}},"106":{"start":{"line":225,"column":4},"end":{"line":225,"column":null}},"107":{"start":{"line":228,"column":2},"end":{"line":237,"column":3}},"108":{"start":{"line":229,"column":4},"end":{"line":236,"column":null}},"109":{"start":{"line":239,"column":2},"end":{"line":250,"column":3}},"110":{"start":{"line":240,"column":4},"end":{"line":249,"column":null}},"111":{"start":{"line":252,"column":24},"end":{"line":252,"column":52}},"112":{"start":{"line":253,"column":26},"end":{"line":253,"column":56}},"113":{"start":{"line":254,"column":22},"end":{"line":254,"column":48}},"114":{"start":{"line":256,"column":2},"end":{"line":520,"column":null}},"115":{"start":{"line":306,"column":27},"end":{"line":306,"column":41}},"116":{"start":{"line":329,"column":33},"end":{"line":329,"column":56}},"117":{"start":{"line":330,"column":35},"end":{"line":330,"column":63}},"118":{"start":{"line":332,"column":16},"end":{"line":381,"column":null}},"119":{"start":{"line":364,"column":24},"end":{"line":364,"column":43}},"120":{"start":{"line":374,"column":37},"end":{"line":374,"column":81}},"121":{"start":{"line":400,"column":35},"end":{"line":400,"column":63}},"122":{"start":{"line":402,"column":16},"end":{"line":445,"column":null}},"123":{"start":{"line":428,"column":24},"end":{"line":428,"column":43}},"124":{"start":{"line":438,"column":37},"end":{"line":438,"column":73}},"125":{"start":{"line":464,"column":35},"end":{"line":464,"column":63}},"126":{"start":{"line":466,"column":16},"end":{"line":513,"column":null}},"127":{"start":{"line":487,"column":24},"end":{"line":487,"column":43}},"128":{"start":{"line":498,"column":39},"end":{"line":498,"column":79}},"129":{"start":{"line":505,"column":39},"end":{"line":505,"column":79}},"130":{"start":{"line":523,"column":0},"end":{"line":523,"column":null}}},"fnMap":{"0":{"name":"(anonymous_0)","decl":{"start":{"line":37,"column":21},"end":{"line":37,"column":24}},"loc":{"start":{"line":37,"column":26},"end":{"line":521,"column":1}}},"1":{"name":"(anonymous_1)","decl":{"start":{"line":49,"column":34},"end":{"line":49,"column":39}},"loc":{"start":{"line":49,"column":45},"end":{"line":72,"column":3}}},"2":{"name":"(anonymous_2)","decl":{"start":{"line":75,"column":40},"end":{"line":75,"column":45}},"loc":{"start":{"line":75,"column":121},"end":{"line":123,"column":3}}},"3":{"name":"(anonymous_3)","decl":{"start":{"line":79,"column":24},"end":{"line":79,"column":28}},"loc":{"start":{"line":79,"column":32},"end":{"line":79,"column":58}}},"4":{"name":"(anonymous_4)","decl":{"start":{"line":108,"column":16},"end":{"line":108,"column":20}},"loc":{"start":{"line":108,"column":24},"end":{"line":109,"column":null}}},"5":{"name":"(anonymous_5)","decl":{"start":{"line":108,"column":33},"end":{"line":108,"column":38}},"loc":{"start":{"line":109,"column":8},"end":{"line":109,"column":68}}},"6":{"name":"(anonymous_6)","decl":{"start":{"line":117,"column":24},"end":{"line":117,"column":28}},"loc":{"start":{"line":117,"column":31},"end":{"line":121,"column":7}}},"7":{"name":"(anonymous_7)","decl":{"start":{"line":126,"column":12},"end":{"line":126,"column":15}},"loc":{"start":{"line":126,"column":17},"end":{"line":176,"column":3}}},"8":{"name":"(anonymous_8)","decl":{"start":{"line":129,"column":27},"end":{"line":129,"column":28}},"loc":{"start":{"line":129,"column":48},"end":{"line":140,"column":5}}},"9":{"name":"(anonymous_9)","decl":{"start":{"line":131,"column":16},"end":{"line":131,"column":20}},"loc":{"start":{"line":131,"column":24},"end":{"line":131,"column":44}}},"10":{"name":"(anonymous_10)","decl":{"start":{"line":142,"column":36},"end":{"line":142,"column":37}},"loc":{"start":{"line":142,"column":70},"end":{"line":155,"column":5}}},"11":{"name":"(anonymous_11)","decl":{"start":{"line":144,"column":16},"end":{"line":144,"column":20}},"loc":{"start":{"line":144,"column":24},"end":{"line":154,"column":8}}},"12":{"name":"(anonymous_12)","decl":{"start":{"line":144,"column":33},"end":{"line":144,"column":38}},"loc":{"start":{"line":144,"column":41},"end":{"line":154,"column":7}}},"13":{"name":"(anonymous_13)","decl":{"start":{"line":157,"column":33},"end":{"line":157,"column":34}},"loc":{"start":{"line":157,"column":85},"end":{"line":164,"column":5}}},"14":{"name":"(anonymous_14)","decl":{"start":{"line":159,"column":16},"end":{"line":159,"column":20}},"loc":{"start":{"line":159,"column":24},"end":{"line":162,"column":null}}},"15":{"name":"(anonymous_15)","decl":{"start":{"line":159,"column":33},"end":{"line":159,"column":38}},"loc":{"start":{"line":160,"column":8},"end":{"line":162,"column":17}}},"16":{"name":"(anonymous_16)","decl":{"start":{"line":171,"column":11},"end":{"line":171,"column":14}},"loc":{"start":{"line":171,"column":16},"end":{"line":175,"column":5}}},"17":{"name":"(anonymous_17)","decl":{"start":{"line":179,"column":12},"end":{"line":179,"column":15}},"loc":{"start":{"line":179,"column":17},"end":{"line":183,"column":3}}},"18":{"name":"(anonymous_18)","decl":{"start":{"line":186,"column":12},"end":{"line":186,"column":15}},"loc":{"start":{"line":186,"column":17},"end":{"line":190,"column":3}}},"19":{"name":"(anonymous_19)","decl":{"start":{"line":193,"column":40},"end":{"line":193,"column":41}},"loc":{"start":{"line":193,"column":68},"end":{"line":196,"column":3}}},"20":{"name":"(anonymous_20)","decl":{"start":{"line":194,"column":25},"end":{"line":194,"column":30}},"loc":{"start":{"line":194,"column":34},"end":{"line":194,"column":57}}},"21":{"name":"(anonymous_21)","decl":{"start":{"line":195,"column":12},"end":{"line":195,"column":13}},"loc":{"start":{"line":195,"column":22},"end":{"line":195,"column":89}}},"22":{"name":"(anonymous_22)","decl":{"start":{"line":198,"column":27},"end":{"line":198,"column":28}},"loc":{"start":{"line":198,"column":74},"end":{"line":206,"column":3}}},"23":{"name":"(anonymous_23)","decl":{"start":{"line":208,"column":21},"end":{"line":208,"column":22}},"loc":{"start":{"line":208,"column":44},"end":{"line":213,"column":3}}},"24":{"name":"(anonymous_24)","decl":{"start":{"line":215,"column":25},"end":{"line":215,"column":26}},"loc":{"start":{"line":215,"column":48},"end":{"line":226,"column":3}}},"25":{"name":"(anonymous_25)","decl":{"start":{"line":306,"column":21},"end":{"line":306,"column":24}},"loc":{"start":{"line":306,"column":27},"end":{"line":306,"column":41}}},"26":{"name":"(anonymous_26)","decl":{"start":{"line":328,"column":32},"end":{"line":328,"column":33}},"loc":{"start":{"line":328,"column":42},"end":{"line":382,"column":15}}},"27":{"name":"(anonymous_27)","decl":{"start":{"line":363,"column":39},"end":{"line":363,"column":40}},"loc":{"start":{"line":364,"column":24},"end":{"line":364,"column":43}}},"28":{"name":"(anonymous_28)","decl":{"start":{"line":374,"column":31},"end":{"line":374,"column":34}},"loc":{"start":{"line":374,"column":37},"end":{"line":374,"column":81}}},"29":{"name":"(anonymous_29)","decl":{"start":{"line":399,"column":34},"end":{"line":399,"column":35}},"loc":{"start":{"line":399,"column":44},"end":{"line":446,"column":15}}},"30":{"name":"(anonymous_30)","decl":{"start":{"line":427,"column":39},"end":{"line":427,"column":40}},"loc":{"start":{"line":428,"column":24},"end":{"line":428,"column":43}}},"31":{"name":"(anonymous_31)","decl":{"start":{"line":438,"column":31},"end":{"line":438,"column":34}},"loc":{"start":{"line":438,"column":37},"end":{"line":438,"column":73}}},"32":{"name":"(anonymous_32)","decl":{"start":{"line":463,"column":30},"end":{"line":463,"column":31}},"loc":{"start":{"line":463,"column":40},"end":{"line":514,"column":15}}},"33":{"name":"(anonymous_33)","decl":{"start":{"line":486,"column":39},"end":{"line":486,"column":40}},"loc":{"start":{"line":487,"column":24},"end":{"line":487,"column":43}}},"34":{"name":"(anonymous_34)","decl":{"start":{"line":498,"column":33},"end":{"line":498,"column":36}},"loc":{"start":{"line":498,"column":39},"end":{"line":498,"column":79}}},"35":{"name":"(anonymous_35)","decl":{"start":{"line":505,"column":33},"end":{"line":505,"column":36}},"loc":{"start":{"line":505,"column":39},"end":{"line":505,"column":79}}}},"branchMap":{"0":{"loc":{"start":{"line":46,"column":27},"end":{"line":46,"column":97}},"type":"binary-expr","locations":[{"start":{"line":46,"column":27},"end":{"line":46,"column":37}},{"start":{"line":46,"column":41},"end":{"line":46,"column":97}}]},"1":{"loc":{"start":{"line":60,"column":6},"end":{"line":62,"column":7}},"type":"if","locations":[{"start":{"line":60,"column":6},"end":{"line":62,"column":7}},{"start":{},"end":{}}]},"2":{"loc":{"start":{"line":68,"column":15},"end":{"line":68,"column":75}},"type":"cond-expr","locations":[{"start":{"line":68,"column":38},"end":{"line":68,"column":49}},{"start":{"line":68,"column":52},"end":{"line":68,"column":75}}]},"3":{"loc":{"start":{"line":76,"column":4},"end":{"line":76,"column":21}},"type":"if","locations":[{"start":{"line":76,"column":4},"end":{"line":76,"column":21}},{"start":{},"end":{}}]},"4":{"loc":{"start":{"line":87,"column":6},"end":{"line":90,"column":7}},"type":"if","locations":[{"start":{"line":87,"column":6},"end":{"line":90,"column":7}},{"start":{},"end":{}}]},"5":{"loc":{"start":{"line":87,"column":10},"end":{"line":87,"column":55}},"type":"binary-expr","locations":[{"start":{"line":87,"column":10},"end":{"line":87,"column":35}},{"start":{"line":87,"column":39},"end":{"line":87,"column":55}}]},"6":{"loc":{"start":{"line":101,"column":6},"end":{"line":103,"column":7}},"type":"if","locations":[{"start":{"line":101,"column":6},"end":{"line":103,"column":7}},{"start":{},"end":{}}]},"7":{"loc":{"start":{"line":109,"column":8},"end":{"line":109,"column":68}},"type":"cond-expr","locations":[{"start":{"line":109,"column":31},"end":{"line":109,"column":60}},{"start":{"line":109,"column":63},"end":{"line":109,"column":68}}]},"8":{"loc":{"start":{"line":115,"column":15},"end":{"line":115,"column":76}},"type":"cond-expr","locations":[{"start":{"line":115,"column":38},"end":{"line":115,"column":49}},{"start":{"line":115,"column":52},"end":{"line":115,"column":76}}]},"9":{"loc":{"start":{"line":127,"column":4},"end":{"line":127,"column":23}},"type":"if","locations":[{"start":{"line":127,"column":4},"end":{"line":127,"column":23}},{"start":{},"end":{}}]},"10":{"loc":{"start":{"line":134,"column":6},"end":{"line":139,"column":7}},"type":"if","locations":[{"start":{"line":134,"column":6},"end":{"line":139,"column":7}},{"start":{},"end":{}}]},"11":{"loc":{"start":{"line":134,"column":10},"end":{"line":134,"column":75}},"type":"binary-expr","locations":[{"start":{"line":134,"column":10},"end":{"line":134,"column":34}},{"start":{"line":134,"column":38},"end":{"line":134,"column":75}}]},"12":{"loc":{"start":{"line":145,"column":8},"end":{"line":152,"column":9}},"type":"if","locations":[{"start":{"line":145,"column":8},"end":{"line":152,"column":9}},{"start":{},"end":{}}]},"13":{"loc":{"start":{"line":150,"column":34},"end":{"line":150,"column":94}},"type":"binary-expr","locations":[{"start":{"line":150,"column":34},"end":{"line":150,"column":64}},{"start":{"line":150,"column":68},"end":{"line":150,"column":94}}]},"14":{"loc":{"start":{"line":160,"column":8},"end":{"line":162,"column":17}},"type":"cond-expr","locations":[{"start":{"line":161,"column":12},"end":{"line":161,"column":54}},{"start":{"line":162,"column":12},"end":{"line":162,"column":17}}]},"15":{"loc":{"start":{"line":180,"column":4},"end":{"line":182,"column":5}},"type":"if","locations":[{"start":{"line":180,"column":4},"end":{"line":182,"column":5}},{"start":{},"end":{}}]},"16":{"loc":{"start":{"line":187,"column":4},"end":{"line":189,"column":5}},"type":"if","locations":[{"start":{"line":187,"column":4},"end":{"line":189,"column":5}},{"start":{},"end":{}}]},"17":{"loc":{"start":{"line":187,"column":8},"end":{"line":187,"column":73}},"type":"binary-expr","locations":[{"start":{"line":187,"column":8},"end":{"line":187,"column":32}},{"start":{"line":187,"column":36},"end":{"line":187,"column":73}}]},"18":{"loc":{"start":{"line":203,"column":4},"end":{"line":203,"column":null}},"type":"if","locations":[{"start":{"line":203,"column":4},"end":{"line":203,"column":null}},{"start":{},"end":{}}]},"19":{"loc":{"start":{"line":204,"column":4},"end":{"line":204,"column":null}},"type":"if","locations":[{"start":{"line":204,"column":4},"end":{"line":204,"column":null}},{"start":{},"end":{}}]},"20":{"loc":{"start":{"line":220,"column":4},"end":{"line":220,"column":null}},"type":"if","locations":[{"start":{"line":220,"column":4},"end":{"line":220,"column":null}},{"start":{},"end":{}}]},"21":{"loc":{"start":{"line":221,"column":4},"end":{"line":221,"column":null}},"type":"if","locations":[{"start":{"line":221,"column":4},"end":{"line":221,"column":null}},{"start":{},"end":{}}]},"22":{"loc":{"start":{"line":228,"column":2},"end":{"line":237,"column":3}},"type":"if","locations":[{"start":{"line":228,"column":2},"end":{"line":237,"column":3}},{"start":{},"end":{}}]},"23":{"loc":{"start":{"line":239,"column":2},"end":{"line":250,"column":3}},"type":"if","locations":[{"start":{"line":239,"column":2},"end":{"line":250,"column":3}},{"start":{},"end":{}}]},"24":{"loc":{"start":{"line":302,"column":7},"end":{"line":311,"column":null}},"type":"binary-expr","locations":[{"start":{"line":302,"column":7},"end":{"line":302,"column":12}},{"start":{"line":303,"column":8},"end":{"line":310,"column":null}}]},"25":{"loc":{"start":{"line":325,"column":13},"end":{"line":382,"column":null}},"type":"cond-expr","locations":[{"start":{"line":326,"column":14},"end":{"line":326,"column":81}},{"start":{"line":328,"column":14},"end":{"line":382,"column":16}}]},"26":{"loc":{"start":{"line":336,"column":22},"end":{"line":340,"column":null}},"type":"cond-expr","locations":[{"start":{"line":337,"column":26},"end":{"line":337,"column":52}},{"start":{"line":338,"column":26},"end":{"line":340,"column":null}}]},"27":{"loc":{"start":{"line":338,"column":26},"end":{"line":340,"column":null}},"type":"cond-expr","locations":[{"start":{"line":339,"column":26},"end":{"line":339,"column":58}},{"start":{"line":340,"column":26},"end":{"line":340,"column":null}}]},"28":{"loc":{"start":{"line":351,"column":23},"end":{"line":358,"column":null}},"type":"binary-expr","locations":[{"start":{"line":351,"column":23},"end":{"line":351,"column":44}},{"start":{"line":352,"column":24},"end":{"line":357,"column":null}}]},"29":{"loc":{"start":{"line":353,"column":26},"end":{"line":355,"column":null}},"type":"cond-expr","locations":[{"start":{"line":354,"column":30},"end":{"line":354,"column":55}},{"start":{"line":355,"column":30},"end":{"line":355,"column":null}}]},"30":{"loc":{"start":{"line":366,"column":27},"end":{"line":367,"column":null}},"type":"binary-expr","locations":[{"start":{"line":366,"column":27},"end":{"line":366,"column":37}},{"start":{"line":367,"column":28},"end":{"line":367,"column":88}}]},"31":{"loc":{"start":{"line":378,"column":23},"end":{"line":378,"column":72}},"type":"cond-expr","locations":[{"start":{"line":378,"column":36},"end":{"line":378,"column":49}},{"start":{"line":378,"column":52},"end":{"line":378,"column":72}}]},"32":{"loc":{"start":{"line":396,"column":13},"end":{"line":446,"column":null}},"type":"cond-expr","locations":[{"start":{"line":397,"column":14},"end":{"line":397,"column":88}},{"start":{"line":399,"column":14},"end":{"line":446,"column":16}}]},"33":{"loc":{"start":{"line":414,"column":25},"end":{"line":417,"column":null}},"type":"binary-expr","locations":[{"start":{"line":414,"column":25},"end":{"line":414,"column":51}},{"start":{"line":415,"column":26},"end":{"line":416,"column":null}}]},"34":{"loc":{"start":{"line":430,"column":27},"end":{"line":431,"column":null}},"type":"binary-expr","locations":[{"start":{"line":430,"column":27},"end":{"line":430,"column":37}},{"start":{"line":431,"column":28},"end":{"line":431,"column":88}}]},"35":{"loc":{"start":{"line":442,"column":23},"end":{"line":442,"column":71}},"type":"cond-expr","locations":[{"start":{"line":442,"column":36},"end":{"line":442,"column":54}},{"start":{"line":442,"column":57},"end":{"line":442,"column":71}}]},"36":{"loc":{"start":{"line":460,"column":13},"end":{"line":514,"column":null}},"type":"cond-expr","locations":[{"start":{"line":461,"column":14},"end":{"line":461,"column":79}},{"start":{"line":463,"column":14},"end":{"line":514,"column":16}}]},"37":{"loc":{"start":{"line":489,"column":27},"end":{"line":490,"column":null}},"type":"binary-expr","locations":[{"start":{"line":489,"column":27},"end":{"line":489,"column":37}},{"start":{"line":490,"column":28},"end":{"line":490,"column":88}}]},"38":{"loc":{"start":{"line":502,"column":25},"end":{"line":502,"column":69}},"type":"cond-expr","locations":[{"start":{"line":502,"column":38},"end":{"line":502,"column":53}},{"start":{"line":502,"column":56},"end":{"line":502,"column":69}}]}},"s":{"0":0,"1":0,"2":0,"3":0,"4":0,"5":0,"6":0,"7":0,"8":0,"9":0,"10":0,"11":0,"12":0,"13":0,"14":0,"15":0,"16":0,"17":0,"18":0,"19":0,"20":0,"21":0,"22":0,"23":0,"24":0,"25":0,"26":0,"27":0,"28":0,"29":0,"30":0,"31":0,"32":0,"33":0,"34":0,"35":0,"36":0,"37":0,"38":0,"39":0,"40":0,"41":0,"42":0,"43":0,"44":0,"45":0,"46":0,"47":0,"48":0,"49":0,"50":0,"51":0,"52":0,"53":0,"54":0,"55":0,"56":0,"57":0,"58":0,"59":0,"60":0,"61":0,"62":0,"63":0,"64":0,"65":0,"66":0,"67":0,"68":0,"69":0,"70":0,"71":0,"72":0,"73":0,"74":0,"75":0,"76":0,"77":0,"78":0,"79":0,"80":0,"81":0,"82":0,"83":0,"84":0,"85":0,"86":0,"87":0,"88":0,"89":0,"90":0,"91":0,"92":0,"93":0,"94":0,"95":0,"96":0,"97":0,"98":0,"99":0,"100":0,"101":0,"102":0,"103":0,"104":0,"105":0,"106":0,"107":0,"108":0,"109":0,"110":0,"111":0,"112":0,"113":0,"114":0,"115":0,"116":0,"117":0,"118":0,"119":0,"120":0,"121":0,"122":0,"123":0,"124":0,"125":0,"126":0,"127":0,"128":0,"129":0,"130":0},"f":{"0":0,"1":0,"2":0,"3":0,"4":0,"5":0,"6":0,"7":0,"8":0,"9":0,"10":0,"11":0,"12":0,"13":0,"14":0,"15":0,"16":0,"17":0,"18":0,"19":0,"20":0,"21":0,"22":0,"23":0,"24":0,"25":0,"26":0,"27":0,"28":0,"29":0,"30":0,"31":0,"32":0,"33":0,"34":0,"35":0},"b":{"0":[0,0],"1":[0,0],"2":[0,0],"3":[0,0],"4":[0,0],"5":[0,0],"6":[0,0],"7":[0,0],"8":[0,0],"9":[0,0],"10":[0,0],"11":[0,0],"12":[0,0],"13":[0,0],"14":[0,0],"15":[0,0],"16":[0,0],"17":[0,0],"18":[0,0],"19":[0,0],"20":[0,0],"21":[0,0],"22":[0,0],"23":[0,0],"24":[0,0],"25":[0,0],"26":[0,0],"27":[0,0],"28":[0,0],"29":[0,0],"30":[0,0],"31":[0,0],"32":[0,0],"33":[0,0],"34":[0,0],"35":[0,0],"36":[0,0],"37":[0,0],"38":[0,0]}}
,"/Users/joseph/Documents/code/RevManger/src/components/LiveDashboard.backup.tsx": {"path":"/Users/joseph/Documents/code/RevManger/src/components/LiveDashboard.backup.tsx","statementMap":{"0":{"start":{"line":1,"column":0},"end":{"line":1,"column":49}},"1":{"start":{"line":2,"column":0},"end":{"line":2,"column":80}},"2":{"start":{"line":4,"column":22},"end":{"line":314,"column":1}},"3":{"start":{"line":5,"column":19},"end":{"line":5,"column":28}},"4":{"start":{"line":15,"column":6},"end":{"line":15,"column":23}},"5":{"start":{"line":22,"column":6},"end":{"line":22,"column":28}},"6":{"start":{"line":24,"column":29},"end":{"line":24,"column":91}},"7":{"start":{"line":25,"column":24},"end":{"line":25,"column":78}},"8":{"start":{"line":27,"column":2},"end":{"line":313,"column":null}},"9":{"start":{"line":121,"column":18},"end":{"line":122,"column":null}},"10":{"start":{"line":140,"column":47},"end":{"line":140,"column":76}},"11":{"start":{"line":179,"column":18},"end":{"line":180,"column":null}},"12":{"start":{"line":242,"column":20},"end":{"line":243,"column":null}},"13":{"start":{"line":316,"column":0},"end":{"line":316,"column":null}}},"fnMap":{"0":{"name":"(anonymous_0)","decl":{"start":{"line":4,"column":22},"end":{"line":4,"column":25}},"loc":{"start":{"line":4,"column":27},"end":{"line":314,"column":1}}},"1":{"name":"(anonymous_1)","decl":{"start":{"line":120,"column":35},"end":{"line":120,"column":36}},"loc":{"start":{"line":121,"column":18},"end":{"line":122,"column":null}}},"2":{"name":"(anonymous_2)","decl":{"start":{"line":140,"column":39},"end":{"line":140,"column":43}},"loc":{"start":{"line":140,"column":47},"end":{"line":140,"column":76}}},"3":{"name":"(anonymous_3)","decl":{"start":{"line":178,"column":35},"end":{"line":178,"column":36}},"loc":{"start":{"line":179,"column":18},"end":{"line":180,"column":null}}},"4":{"name":"(anonymous_4)","decl":{"start":{"line":241,"column":38},"end":{"line":241,"column":39}},"loc":{"start":{"line":242,"column":20},"end":{"line":243,"column":null}}}},"branchMap":{"0":{"loc":{"start":{"line":24,"column":29},"end":{"line":24,"column":91}},"type":"binary-expr","locations":[{"start":{"line":24,"column":29},"end":{"line":24,"column":39}},{"start":{"line":24,"column":43},"end":{"line":24,"column":91}}]},"1":{"loc":{"start":{"line":25,"column":24},"end":{"line":25,"column":78}},"type":"binary-expr","locations":[{"start":{"line":25,"column":24},"end":{"line":25,"column":34}},{"start":{"line":25,"column":38},"end":{"line":25,"column":78}}]},"2":{"loc":{"start":{"line":109,"column":13},"end":{"line":112,"column":null}},"type":"binary-expr","locations":[{"start":{"line":109,"column":13},"end":{"line":109,"column":23}},{"start":{"line":110,"column":14},"end":{"line":111,"column":null}}]},"3":{"loc":{"start":{"line":116,"column":13},"end":{"line":155,"column":null}},"type":"cond-expr","locations":[{"start":{"line":117,"column":14},"end":{"line":117,"column":81}},{"start":{"line":119,"column":14},"end":{"line":154,"column":null}}]},"4":{"loc":{"start":{"line":124,"column":22},"end":{"line":128,"column":null}},"type":"cond-expr","locations":[{"start":{"line":125,"column":26},"end":{"line":125,"column":52}},{"start":{"line":126,"column":26},"end":{"line":128,"column":null}}]},"5":{"loc":{"start":{"line":126,"column":26},"end":{"line":128,"column":null}},"type":"cond-expr","locations":[{"start":{"line":127,"column":26},"end":{"line":127,"column":56}},{"start":{"line":128,"column":26},"end":{"line":128,"column":null}}]},"6":{"loc":{"start":{"line":134,"column":27},"end":{"line":134,"column":73}},"type":"binary-expr","locations":[{"start":{"line":134,"column":27},"end":{"line":134,"column":54}},{"start":{"line":134,"column":58},"end":{"line":134,"column":73}}]},"7":{"loc":{"start":{"line":135,"column":27},"end":{"line":135,"column":79}},"type":"binary-expr","locations":[{"start":{"line":135,"column":27},"end":{"line":135,"column":58}},{"start":{"line":135,"column":62},"end":{"line":135,"column":79}}]},"8":{"loc":{"start":{"line":136,"column":27},"end":{"line":136,"column":76}},"type":"binary-expr","locations":[{"start":{"line":136,"column":27},"end":{"line":136,"column":56}},{"start":{"line":136,"column":60},"end":{"line":136,"column":76}}]},"9":{"loc":{"start":{"line":138,"column":25},"end":{"line":141,"column":null}},"type":"binary-expr","locations":[{"start":{"line":138,"column":25},"end":{"line":138,"column":42}},{"start":{"line":139,"column":26},"end":{"line":140,"column":null}}]},"10":{"loc":{"start":{"line":143,"column":25},"end":{"line":146,"column":null}},"type":"binary-expr","locations":[{"start":{"line":143,"column":25},"end":{"line":143,"column":39}},{"start":{"line":144,"column":26},"end":{"line":145,"column":null}}]},"11":{"loc":{"start":{"line":174,"column":13},"end":{"line":206,"column":null}},"type":"cond-expr","locations":[{"start":{"line":175,"column":14},"end":{"line":175,"column":81}},{"start":{"line":177,"column":14},"end":{"line":205,"column":null}}]},"12":{"loc":{"start":{"line":182,"column":22},"end":{"line":184,"column":null}},"type":"cond-expr","locations":[{"start":{"line":183,"column":26},"end":{"line":183,"column":58}},{"start":{"line":184,"column":26},"end":{"line":184,"column":null}}]},"13":{"loc":{"start":{"line":190,"column":27},"end":{"line":190,"column":63}},"type":"cond-expr","locations":[{"start":{"line":190,"column":52},"end":{"line":190,"column":56}},{"start":{"line":190,"column":59},"end":{"line":190,"column":63}}]},"14":{"loc":{"start":{"line":194,"column":25},"end":{"line":197,"column":null}},"type":"binary-expr","locations":[{"start":{"line":194,"column":25},"end":{"line":194,"column":45}},{"start":{"line":194,"column":49},"end":{"line":194,"column":72}},{"start":{"line":195,"column":26},"end":{"line":196,"column":null}}]},"15":{"loc":{"start":{"line":212,"column":9},"end":{"line":269,"column":null}},"type":"binary-expr","locations":[{"start":{"line":212,"column":9},"end":{"line":212,"column":27}},{"start":{"line":213,"column":10},"end":{"line":268,"column":null}}]},"16":{"loc":{"start":{"line":218,"column":19},"end":{"line":219,"column":null}},"type":"binary-expr","locations":[{"start":{"line":218,"column":19},"end":{"line":218,"column":34}},{"start":{"line":219,"column":20},"end":{"line":219,"column":89}}]},"17":{"loc":{"start":{"line":230,"column":15},"end":{"line":233,"column":null}},"type":"binary-expr","locations":[{"start":{"line":230,"column":15},"end":{"line":230,"column":34}},{"start":{"line":231,"column":16},"end":{"line":232,"column":null}}]},"18":{"loc":{"start":{"line":237,"column":15},"end":{"line":266,"column":null}},"type":"cond-expr","locations":[{"start":{"line":238,"column":16},"end":{"line":238,"column":85}},{"start":{"line":240,"column":16},"end":{"line":265,"column":null}}]},"19":{"loc":{"start":{"line":249,"column":32},"end":{"line":249,"column":94}},"type":"cond-expr","locations":[{"start":{"line":249,"column":59},"end":{"line":249,"column":74}},{"start":{"line":249,"column":77},"end":{"line":249,"column":94}}]},"20":{"loc":{"start":{"line":251,"column":27},"end":{"line":254,"column":null}},"type":"binary-expr","locations":[{"start":{"line":251,"column":27},"end":{"line":251,"column":41}},{"start":{"line":252,"column":28},"end":{"line":253,"column":null}}]},"21":{"loc":{"start":{"line":256,"column":27},"end":{"line":257,"column":null}},"type":"binary-expr","locations":[{"start":{"line":256,"column":27},"end":{"line":256,"column":39}},{"start":{"line":257,"column":28},"end":{"line":257,"column":90}}]},"22":{"loc":{"start":{"line":284,"column":11},"end":{"line":298,"column":null}},"type":"binary-expr","locations":[{"start":{"line":284,"column":11},"end":{"line":284,"column":24}},{"start":{"line":285,"column":12},"end":{"line":297,"column":null}}]},"23":{"loc":{"start":{"line":301,"column":11},"end":{"line":307,"column":null}},"type":"binary-expr","locations":[{"start":{"line":301,"column":11},"end":{"line":301,"column":29}},{"start":{"line":302,"column":12},"end":{"line":304,"column":null}}]}},"s":{"0":0,"1":0,"2":0,"3":0,"4":0,"5":0,"6":0,"7":0,"8":0,"9":0,"10":0,"11":0,"12":0,"13":0},"f":{"0":0,"1":0,"2":0,"3":0,"4":0},"b":{"0":[0,0],"1":[0,0],"2":[0,0],"3":[0,0],"4":[0,0],"5":[0,0],"6":[0,0],"7":[0,0],"8":[0,0],"9":[0,0],"10":[0,0],"11":[0,0],"12":[0,0],"13":[0,0],"14":[0,0,0],"15":[0,0],"16":[0,0],"17":[0,0],"18":[0,0],"19":[0,0],"20":[0,0],"21":[0,0],"22":[0,0],"23":[0,0]}}
,"/Users/joseph/Documents/code/RevManger/src/components/LiveDashboard.new.tsx": {"path":"/Users/joseph/Documents/code/RevManger/src/components/LiveDashboard.new.tsx","statementMap":{"0":{"start":{"line":1,"column":0},"end":{"line":1,"column":49}},"1":{"start":{"line":2,"column":0},"end":{"line":2,"column":80}},"2":{"start":{"line":4,"column":22},"end":{"line":265,"column":1}},"3":{"start":{"line":5,"column":19},"end":{"line":5,"column":28}},"4":{"start":{"line":15,"column":6},"end":{"line":15,"column":23}},"5":{"start":{"line":22,"column":6},"end":{"line":22,"column":28}},"6":{"start":{"line":24,"column":29},"end":{"line":24,"column":91}},"7":{"start":{"line":25,"column":24},"end":{"line":25,"column":78}},"8":{"start":{"line":27,"column":2},"end":{"line":264,"column":null}},"9":{"start":{"line":110,"column":20},"end":{"line":110,"column":37}},"10":{"start":{"line":149,"column":20},"end":{"line":149,"column":37}},"11":{"start":{"line":186,"column":18},"end":{"line":186,"column":37}},"12":{"start":{"line":224,"column":18},"end":{"line":224,"column":37}},"13":{"start":{"line":267,"column":0},"end":{"line":267,"column":null}}},"fnMap":{"0":{"name":"(anonymous_0)","decl":{"start":{"line":4,"column":22},"end":{"line":4,"column":25}},"loc":{"start":{"line":4,"column":27},"end":{"line":265,"column":1}}},"1":{"name":"(anonymous_1)","decl":{"start":{"line":109,"column":37},"end":{"line":109,"column":38}},"loc":{"start":{"line":110,"column":20},"end":{"line":110,"column":37}}},"2":{"name":"(anonymous_2)","decl":{"start":{"line":148,"column":38},"end":{"line":148,"column":39}},"loc":{"start":{"line":149,"column":20},"end":{"line":149,"column":37}}},"3":{"name":"(anonymous_3)","decl":{"start":{"line":185,"column":49},"end":{"line":185,"column":50}},"loc":{"start":{"line":186,"column":18},"end":{"line":186,"column":37}}},"4":{"name":"(anonymous_4)","decl":{"start":{"line":223,"column":42},"end":{"line":223,"column":43}},"loc":{"start":{"line":224,"column":18},"end":{"line":224,"column":37}}}},"branchMap":{"0":{"loc":{"start":{"line":24,"column":29},"end":{"line":24,"column":91}},"type":"binary-expr","locations":[{"start":{"line":24,"column":29},"end":{"line":24,"column":39}},{"start":{"line":24,"column":43},"end":{"line":24,"column":91}}]},"1":{"loc":{"start":{"line":25,"column":24},"end":{"line":25,"column":78}},"type":"binary-expr","locations":[{"start":{"line":25,"column":24},"end":{"line":25,"column":34}},{"start":{"line":25,"column":38},"end":{"line":25,"column":78}}]},"2":{"loc":{"start":{"line":102,"column":66},"end":{"line":102,"column":126}},"type":"cond-expr","locations":[{"start":{"line":102,"column":79},"end":{"line":102,"column":116}},{"start":{"line":102,"column":119},"end":{"line":102,"column":126}}]},"3":{"loc":{"start":{"line":105,"column":15},"end":{"line":122,"column":null}},"type":"cond-expr","locations":[{"start":{"line":106,"column":16},"end":{"line":106,"column":83}},{"start":{"line":108,"column":16},"end":{"line":121,"column":null}}]},"4":{"loc":{"start":{"line":112,"column":24},"end":{"line":113,"column":null}},"type":"cond-expr","locations":[{"start":{"line":112,"column":57},"end":{"line":112,"column":70}},{"start":{"line":113,"column":24},"end":{"line":113,"column":null}}]},"5":{"loc":{"start":{"line":113,"column":24},"end":{"line":113,"column":null}},"type":"cond-expr","locations":[{"start":{"line":113,"column":50},"end":{"line":113,"column":64}},{"start":{"line":113,"column":67},"end":{"line":113,"column":null}}]},"6":{"loc":{"start":{"line":132,"column":68},"end":{"line":132,"column":146}},"type":"cond-expr","locations":[{"start":{"line":132,"column":90},"end":{"line":132,"column":136}},{"start":{"line":132,"column":139},"end":{"line":132,"column":146}}]},"7":{"loc":{"start":{"line":134,"column":15},"end":{"line":135,"column":null}},"type":"binary-expr","locations":[{"start":{"line":134,"column":15},"end":{"line":134,"column":30}},{"start":{"line":135,"column":16},"end":{"line":135,"column":85}}]},"8":{"loc":{"start":{"line":139,"column":15},"end":{"line":168,"column":null}},"type":"cond-expr","locations":[{"start":{"line":140,"column":16},"end":{"line":144,"column":null}},{"start":{"line":147,"column":16},"end":{"line":167,"column":null}}]},"9":{"loc":{"start":{"line":160,"column":19},"end":{"line":166,"column":null}},"type":"binary-expr","locations":[{"start":{"line":160,"column":19},"end":{"line":160,"column":37}},{"start":{"line":161,"column":20},"end":{"line":163,"column":null}}]},"10":{"loc":{"start":{"line":181,"column":13},"end":{"line":199,"column":null}},"type":"cond-expr","locations":[{"start":{"line":182,"column":14},"end":{"line":182,"column":82}},{"start":{"line":184,"column":14},"end":{"line":198,"column":null}}]},"11":{"loc":{"start":{"line":219,"column":13},"end":{"line":237,"column":null}},"type":"cond-expr","locations":[{"start":{"line":220,"column":14},"end":{"line":220,"column":86}},{"start":{"line":222,"column":14},"end":{"line":236,"column":null}}]},"12":{"loc":{"start":{"line":244,"column":11},"end":{"line":250,"column":null}},"type":"binary-expr","locations":[{"start":{"line":244,"column":11},"end":{"line":244,"column":24}},{"start":{"line":245,"column":12},"end":{"line":247,"column":null}}]},"13":{"loc":{"start":{"line":253,"column":11},"end":{"line":259,"column":null}},"type":"binary-expr","locations":[{"start":{"line":253,"column":11},"end":{"line":253,"column":29}},{"start":{"line":254,"column":12},"end":{"line":256,"column":null}}]}},"s":{"0":0,"1":0,"2":0,"3":0,"4":0,"5":0,"6":0,"7":0,"8":0,"9":0,"10":0,"11":0,"12":0,"13":0},"f":{"0":0,"1":0,"2":0,"3":0,"4":0},"b":{"0":[0,0],"1":[0,0],"2":[0,0],"3":[0,0],"4":[0,0],"5":[0,0],"6":[0,0],"7":[0,0],"8":[0,0],"9":[0,0],"10":[0,0],"11":[0,0],"12":[0,0],"13":[0,0]}}
,"/Users/joseph/Documents/code/RevManger/src/components/LiveDashboard.tsx": {"path":"/Users/joseph/Documents/code/RevManger/src/components/LiveDashboard.tsx","statementMap":{"0":{"start":{"line":1,"column":0},"end":{"line":1,"column":49}},"1":{"start":{"line":2,"column":0},"end":{"line":2,"column":80}},"2":{"start":{"line":4,"column":22},"end":{"line":265,"column":1}},"3":{"start":{"line":5,"column":19},"end":{"line":5,"column":28}},"4":{"start":{"line":15,"column":6},"end":{"line":15,"column":23}},"5":{"start":{"line":22,"column":6},"end":{"line":22,"column":28}},"6":{"start":{"line":24,"column":29},"end":{"line":24,"column":91}},"7":{"start":{"line":25,"column":24},"end":{"line":25,"column":78}},"8":{"start":{"line":27,"column":2},"end":{"line":264,"column":null}},"9":{"start":{"line":110,"column":20},"end":{"line":110,"column":37}},"10":{"start":{"line":149,"column":20},"end":{"line":149,"column":37}},"11":{"start":{"line":186,"column":18},"end":{"line":186,"column":37}},"12":{"start":{"line":224,"column":18},"end":{"line":224,"column":37}},"13":{"start":{"line":267,"column":0},"end":{"line":267,"column":null}}},"fnMap":{"0":{"name":"(anonymous_0)","decl":{"start":{"line":4,"column":22},"end":{"line":4,"column":25}},"loc":{"start":{"line":4,"column":27},"end":{"line":265,"column":1}}},"1":{"name":"(anonymous_1)","decl":{"start":{"line":109,"column":37},"end":{"line":109,"column":38}},"loc":{"start":{"line":110,"column":20},"end":{"line":110,"column":37}}},"2":{"name":"(anonymous_2)","decl":{"start":{"line":148,"column":38},"end":{"line":148,"column":39}},"loc":{"start":{"line":149,"column":20},"end":{"line":149,"column":37}}},"3":{"name":"(anonymous_3)","decl":{"start":{"line":185,"column":49},"end":{"line":185,"column":50}},"loc":{"start":{"line":186,"column":18},"end":{"line":186,"column":37}}},"4":{"name":"(anonymous_4)","decl":{"start":{"line":223,"column":42},"end":{"line":223,"column":43}},"loc":{"start":{"line":224,"column":18},"end":{"line":224,"column":37}}}},"branchMap":{"0":{"loc":{"start":{"line":24,"column":29},"end":{"line":24,"column":91}},"type":"binary-expr","locations":[{"start":{"line":24,"column":29},"end":{"line":24,"column":39}},{"start":{"line":24,"column":43},"end":{"line":24,"column":91}}]},"1":{"loc":{"start":{"line":25,"column":24},"end":{"line":25,"column":78}},"type":"binary-expr","locations":[{"start":{"line":25,"column":24},"end":{"line":25,"column":34}},{"start":{"line":25,"column":38},"end":{"line":25,"column":78}}]},"2":{"loc":{"start":{"line":102,"column":66},"end":{"line":102,"column":126}},"type":"cond-expr","locations":[{"start":{"line":102,"column":79},"end":{"line":102,"column":116}},{"start":{"line":102,"column":119},"end":{"line":102,"column":126}}]},"3":{"loc":{"start":{"line":105,"column":15},"end":{"line":122,"column":null}},"type":"cond-expr","locations":[{"start":{"line":106,"column":16},"end":{"line":106,"column":83}},{"start":{"line":108,"column":16},"end":{"line":121,"column":null}}]},"4":{"loc":{"start":{"line":112,"column":24},"end":{"line":113,"column":null}},"type":"cond-expr","locations":[{"start":{"line":112,"column":57},"end":{"line":112,"column":70}},{"start":{"line":113,"column":24},"end":{"line":113,"column":null}}]},"5":{"loc":{"start":{"line":113,"column":24},"end":{"line":113,"column":null}},"type":"cond-expr","locations":[{"start":{"line":113,"column":50},"end":{"line":113,"column":64}},{"start":{"line":113,"column":67},"end":{"line":113,"column":null}}]},"6":{"loc":{"start":{"line":132,"column":68},"end":{"line":132,"column":146}},"type":"cond-expr","locations":[{"start":{"line":132,"column":90},"end":{"line":132,"column":136}},{"start":{"line":132,"column":139},"end":{"line":132,"column":146}}]},"7":{"loc":{"start":{"line":134,"column":15},"end":{"line":135,"column":null}},"type":"binary-expr","locations":[{"start":{"line":134,"column":15},"end":{"line":134,"column":30}},{"start":{"line":135,"column":16},"end":{"line":135,"column":85}}]},"8":{"loc":{"start":{"line":139,"column":15},"end":{"line":168,"column":null}},"type":"cond-expr","locations":[{"start":{"line":140,"column":16},"end":{"line":144,"column":null}},{"start":{"line":147,"column":16},"end":{"line":167,"column":null}}]},"9":{"loc":{"start":{"line":160,"column":19},"end":{"line":166,"column":null}},"type":"binary-expr","locations":[{"start":{"line":160,"column":19},"end":{"line":160,"column":37}},{"start":{"line":161,"column":20},"end":{"line":163,"column":null}}]},"10":{"loc":{"start":{"line":181,"column":13},"end":{"line":199,"column":null}},"type":"cond-expr","locations":[{"start":{"line":182,"column":14},"end":{"line":182,"column":82}},{"start":{"line":184,"column":14},"end":{"line":198,"column":null}}]},"11":{"loc":{"start":{"line":219,"column":13},"end":{"line":237,"column":null}},"type":"cond-expr","locations":[{"start":{"line":220,"column":14},"end":{"line":220,"column":86}},{"start":{"line":222,"column":14},"end":{"line":236,"column":null}}]},"12":{"loc":{"start":{"line":244,"column":11},"end":{"line":250,"column":null}},"type":"binary-expr","locations":[{"start":{"line":244,"column":11},"end":{"line":244,"column":24}},{"start":{"line":245,"column":12},"end":{"line":247,"column":null}}]},"13":{"loc":{"start":{"line":253,"column":11},"end":{"line":259,"column":null}},"type":"binary-expr","locations":[{"start":{"line":253,"column":11},"end":{"line":253,"column":29}},{"start":{"line":254,"column":12},"end":{"line":256,"column":null}}]}},"s":{"0":0,"1":0,"2":0,"3":0,"4":0,"5":0,"6":0,"7":0,"8":0,"9":0,"10":0,"11":0,"12":0,"13":0},"f":{"0":0,"1":0,"2":0,"3":0,"4":0},"b":{"0":[0,0],"1":[0,0],"2":[0,0],"3":[0,0],"4":[0,0],"5":[0,0],"6":[0,0],"7":[0,0],"8":[0,0],"9":[0,0],"10":[0,0],"11":[0,0],"12":[0,0],"13":[0,0]}}
,"/Users/joseph/Documents/code/RevManger/src/components/Login.tsx": {"path":"/Users/joseph/Documents/code/RevManger/src/components/Login.tsx","statementMap":{"0":{"start":{"line":1,"column":0},"end":{"line":1,"column":32}},"1":{"start":{"line":2,"column":0},"end":{"line":2,"column":46}},"2":{"start":{"line":3,"column":0},"end":{"line":3,"column":49}},"3":{"start":{"line":5,"column":14},"end":{"line":99,"column":1}},"4":{"start":{"line":6,"column":28},"end":{"line":6,"column":40}},"5":{"start":{"line":7,"column":34},"end":{"line":7,"column":46}},"6":{"start":{"line":8,"column":32},"end":{"line":8,"column":47}},"7":{"start":{"line":9,"column":28},"end":{"line":9,"column":40}},"8":{"start":{"line":11,"column":20},"end":{"line":11,"column":29}},"9":{"start":{"line":12,"column":19},"end":{"line":12,"column":32}},"10":{"start":{"line":14,"column":23},"end":{"line":31,"column":3}},"11":{"start":{"line":15,"column":4},"end":{"line":15,"column":null}},"12":{"start":{"line":16,"column":4},"end":{"line":16,"column":null}},"13":{"start":{"line":17,"column":4},"end":{"line":17,"column":null}},"14":{"start":{"line":19,"column":4},"end":{"line":30,"column":5}},"15":{"start":{"line":20,"column":22},"end":{"line":20,"column":50}},"16":{"start":{"line":21,"column":6},"end":{"line":25,"column":7}},"17":{"start":{"line":22,"column":8},"end":{"line":22,"column":null}},"18":{"start":{"line":24,"column":8},"end":{"line":24,"column":null}},"19":{"start":{"line":27,"column":6},"end":{"line":27,"column":null}},"20":{"start":{"line":29,"column":6},"end":{"line":29,"column":null}},"21":{"start":{"line":33,"column":2},"end":{"line":98,"column":null}},"22":{"start":{"line":61,"column":33},"end":{"line":61,"column":57}},"23":{"start":{"line":77,"column":33},"end":{"line":77,"column":60}},"24":{"start":{"line":101,"column":0},"end":{"line":101,"column":null}}},"fnMap":{"0":{"name":"(anonymous_0)","decl":{"start":{"line":5,"column":14},"end":{"line":5,"column":17}},"loc":{"start":{"line":5,"column":19},"end":{"line":99,"column":1}}},"1":{"name":"(anonymous_1)","decl":{"start":{"line":14,"column":23},"end":{"line":14,"column":28}},"loc":{"start":{"line":14,"column":52},"end":{"line":31,"column":3}}},"2":{"name":"(anonymous_2)","decl":{"start":{"line":61,"column":26},"end":{"line":61,"column":27}},"loc":{"start":{"line":61,"column":33},"end":{"line":61,"column":57}}},"3":{"name":"(anonymous_3)","decl":{"start":{"line":77,"column":26},"end":{"line":77,"column":27}},"loc":{"start":{"line":77,"column":33},"end":{"line":77,"column":60}}}},"branchMap":{"0":{"loc":{"start":{"line":21,"column":6},"end":{"line":25,"column":7}},"type":"if","locations":[{"start":{"line":21,"column":6},"end":{"line":25,"column":7}},{"start":{"line":23,"column":13},"end":{"line":25,"column":7}}]},"1":{"loc":{"start":{"line":82,"column":11},"end":{"line":83,"column":null}},"type":"binary-expr","locations":[{"start":{"line":82,"column":11},"end":{"line":82,"column":16}},{"start":{"line":83,"column":12},"end":{"line":83,"column":75}}]},"2":{"loc":{"start":{"line":92,"column":15},"end":{"line":92,"column":52}},"type":"cond-expr","locations":[{"start":{"line":92,"column":25},"end":{"line":92,"column":40}},{"start":{"line":92,"column":43},"end":{"line":92,"column":52}}]}},"s":{"0":0,"1":0,"2":0,"3":0,"4":0,"5":0,"6":0,"7":0,"8":0,"9":0,"10":0,"11":0,"12":0,"13":0,"14":0,"15":0,"16":0,"17":0,"18":0,"19":0,"20":0,"21":0,"22":0,"23":0,"24":0},"f":{"0":0,"1":0,"2":0,"3":0},"b":{"0":[0,0],"1":[0,0],"2":[0,0]}}
,"/Users/joseph/Documents/code/RevManger/src/components/OrderManagement.tsx": {"path":"/Users/joseph/Documents/code/RevManger/src/components/OrderManagement.tsx","statementMap":{"0":{"start":{"line":1,"column":0},"end":{"line":1,"column":50}},"1":{"start":{"line":2,"column":0},"end":{"line":2,"column":49}},"2":{"start":{"line":3,"column":0},"end":{"line":3,"column":46}},"3":{"start":{"line":31,"column":34},"end":{"line":357,"column":1}},"4":{"start":{"line":32,"column":30},"end":{"line":32,"column":51}},"5":{"start":{"line":33,"column":32},"end":{"line":33,"column":46}},"6":{"start":{"line":34,"column":28},"end":{"line":34,"column":57}},"7":{"start":{"line":35,"column":38},"end":{"line":35,"column":50}},"8":{"start":{"line":36,"column":42},"end":{"line":36,"column":57}},"9":{"start":{"line":37,"column":44},"end":{"line":37,"column":73}},"10":{"start":{"line":39,"column":19},"end":{"line":39,"column":28}},"11":{"start":{"line":40,"column":17},"end":{"line":40,"column":28}},"12":{"start":{"line":43,"column":16},"end":{"line":43,"column":28}},"13":{"start":{"line":44,"column":18},"end":{"line":44,"column":76}},"14":{"start":{"line":44,"column":36},"end":{"line":44,"column":76}},"15":{"start":{"line":45,"column":24},"end":{"line":45,"column":132}},"16":{"start":{"line":45,"column":48},"end":{"line":45,"column":132}},"17":{"start":{"line":48,"column":22},"end":{"line":72,"column":3}},"18":{"start":{"line":49,"column":4},"end":{"line":71,"column":5}},"19":{"start":{"line":50,"column":21},"end":{"line":50,"column":42}},"20":{"start":{"line":51,"column":6},"end":{"line":51,"column":null}},"21":{"start":{"line":51,"column":34},"end":{"line":51,"column":null}},"22":{"start":{"line":53,"column":23},"end":{"line":57,"column":8}},"23":{"start":{"line":59,"column":6},"end":{"line":61,"column":7}},"24":{"start":{"line":60,"column":8},"end":{"line":60,"column":null}},"25":{"start":{"line":63,"column":19},"end":{"line":63,"column":40}},"26":{"start":{"line":64,"column":6},"end":{"line":64,"column":null}},"27":{"start":{"line":65,"column":6},"end":{"line":65,"column":null}},"28":{"start":{"line":67,"column":6},"end":{"line":67,"column":null}},"29":{"start":{"line":68,"column":6},"end":{"line":68,"column":null}},"30":{"start":{"line":70,"column":6},"end":{"line":70,"column":null}},"31":{"start":{"line":75,"column":25},"end":{"line":92,"column":3}},"32":{"start":{"line":76,"column":4},"end":{"line":91,"column":5}},"33":{"start":{"line":77,"column":23},"end":{"line":81,"column":8}},"34":{"start":{"line":83,"column":6},"end":{"line":85,"column":7}},"35":{"start":{"line":84,"column":8},"end":{"line":84,"column":null}},"36":{"start":{"line":90,"column":6},"end":{"line":90,"column":null}},"37":{"start":{"line":95,"column":28},"end":{"line":117,"column":3}},"38":{"start":{"line":96,"column":4},"end":{"line":116,"column":5}},"39":{"start":{"line":97,"column":23},"end":{"line":104,"column":8}},"40":{"start":{"line":106,"column":6},"end":{"line":109,"column":7}},"41":{"start":{"l
[...]
":{"line":95,"column":4},"end":{"line":95,"column":23}},"24":{"start":{"line":95,"column":17},"end":{"line":95,"column":23}},"25":{"start":{"line":97,"column":29},"end":{"line":123,"column":5}},"26":{"start":{"line":98,"column":6},"end":{"line":98,"column":null}},"27":{"start":{"line":101,"column":6},"end":{"line":101,"column":null}},"28":{"start":{"line":102,"column":6},"end":{"line":102,"column":null}},"29":{"start":{"line":103,"column":6},"end":{"line":103,"column":null}},"30":{"start":{"line":106,"column":6},"end":{"line":106,"column":null}},"31":{"start":{"line":106,"column":52},"end":{"line":106,"column":86}},"32":{"start":{"line":109,"column":6},"end":{"line":122,"column":7}},"33":{"start":{"line":110,"column":21},"end":{"line":110,"column":92}},"34":{"start":{"line":110,"column":60},"end":{"line":110,"column":91}},"35":{"start":{"line":111,"column":8},"end":{"line":114,"column":9}},"36":{"start":{"line":112,"column":10},"end":{"line":112,"column":null}},"37":{"start":{"line":115,"column":13},"end":{"line":122,"column":7}},"38":{"start":{"line":116,"column":21},"end":{"line":116,"column":92}},"39":{"start":{"line":116,"column":60},"end":{"line":116,"column":91}},"40":{"start":{"line":117,"column":8},"end":{"line":119,"column":9}},"41":{"start":{"line":118,"column":10},"end":{"line":118,"column":null}},"42":{"start":{"line":120,"column":13},"end":{"line":122,"column":7}},"43":{"start":{"line":121,"column":8},"end":{"line":121,"column":null}},"44":{"start":{"line":125,"column":33},"end":{"line":128,"column":5}},"45":{"start":{"line":126,"column":6},"end":{"line":126,"column":null}},"46":{"start":{"line":131,"column":4},"end":{"line":131,"column":null}},"47":{"start":{"line":132,"column":4},"end":{"line":132,"column":null}},"48":{"start":{"line":133,"column":4},"end":{"line":133,"column":null}},"49":{"start":{"line":135,"column":4},"end":{"line":139,"column":null}},"50":{"start":{"line":136,"column":6},"end":{"line":136,"column":null}},"51":{"start":{"line":137,"column":6},"end":{"line":137,"column":null}},"52":{"start":{"line":138,"column":6},"end":{"line":138,"column":null}},"53":{"start":{"line":143,"column":2},"end":{"line":145,"column":null}},"54":{"start":{"line":144,"column":4},"end":{"line":144,"column":null}},"55":{"start":{"line":148,"column":28},"end":{"line":150,"column":12}},"56":{"start":{"line":149,"column":4},"end":{"line":149,"column":null}},"57":{"start":{"line":149,"column":43},"end":{"line":149,"column":70}},"58":{"start":{"line":152,"column":30},"end":{"line":154,"column":12}},"59":{"start":{"line":153,"column":4},"end":{"line":153,"column":null}},"60":{"start":{"line":153,"column":43},"end":{"line":153,"column":71}},"61":{"start":{"line":156,"column":29},"end":{"line":158,"column":12}},"62":{"start":{"line":157,"column":4},"end":{"line":157,"column":null}},"63":{"start":{"line":157,"column":43},"end":{"line":157,"column":69}},"64":{"start":{"line":160,"column":33},"end":{"line":162,"column":12}},"65":{"start":{"line":161,"column":4},"end":{"line":161,"column":null}},"66":{"start":{"line":161,"column":43},"end":{"line":161,"column":100}},"67":{"start":{"line":164,"column":36},"end":{"line":166,"column":21}},"68":{"start":{"line":165,"column":4},"end":{"line":165,"column":null}},"69":{"start":{"line":165,"column":57},"end":{"line":165,"column":79}},"70":{"start":{"line":168,"column":29},"end":{"line":170,"column":21}},"71":{"start":{"line":169,"column":4},"end":{"line":169,"column":null}},"72":{"start":{"line":169,"column":57},"end":{"line":169,"column":80}},"73":{"start":{"line":172,"column":26},"end":{"line":175,"column":12}},"74":{"start":{"line":173,"column":17},"end":{"line":173,"column":60}},"75":{"start":{"line":173,"column":44},"end":{"line":173,"column":59}},"76":{"start":{"line":174,"column":4},"end":{"line":174,"column":null}},"77":{"start":{"line":177,"column":33},"end":{"line":180,"column":21}},"78":{"start":{"line":178,"column":27},"end":{"line":178,"column":94}},"79":{"start":{"line":178,"column":68},"end":{"line":178,"column":93}},"80":{"start":{"line":179,"column":4},"end":{"line":179,"column":null}},"81":{"start":{"line":182,"column":22},"end":{"line":184,"column":17}},"82":{"start":{"line":183,"column":4},"end":{"line":183,"column":null}},"83":{"start":{"line":186,"column":2},"end":{"line":215,"column":null}},"84":{"start":{"line":54,"column":13},"end":{"line":54,"column":31}},"85":{"start":{"line":219,"column":36},"end":{"line":267,"column":1}},"86":{"start":{"line":220,"column":46},"end":{"line":220,"column":76}},"87":{"start":{"line":221,"column":56},"end":{"line":221,"column":85}},"88":{"start":{"line":222,"column":21},"end":{"line":222,"column":32}},"89":{"start":{"line":224,"column":2},"end":{"line":255,"column":null}},"90":{"start":{"line":225,"column":4},"end":{"line":225,"column":23}},"91":{"start":{"line":225,"column":17},"end":{"line":225,"column":23}},"92":{"start":{"line":227,"column":33},"end":{"line":231,"column":5}},"93":{"start":{"line":228,"column":6},"end":{"line":228,"column":null}},"94":{"start":{"line":229,"column":6},"end":{"line":229,"column":87}},"95":{"start":{"line":229,"column":52},"end":{"line":229,"column":85}},"96":{"start":{"line":230,"column":6},"end":{"line":230,"column":null}},"97":{"start":{"line":233,"column":29},"end":{"line":246,"column":5}},"98":{"start":{"line":234,"column":6},"end":{"line":245,"column":7}},"99":{"start":{"line":236,"column":21},"end":{"line":236,"column":92}},"100":{"start":{"line":236,"column":60},"end":{"line":236,"column":91}},"101":{"start":{"line":237,"column":8},"end":{"line":244,"column":9}},"102":{"start":{"line":238,"column":10},"end":{"line":243,"column":null}},"103":{"start":{"line":238,"column":56},"end":{"line":243,"column":34}},"104":{"start":{"line":248,"column":4},"end":{"line":248,"column":null}},"105":{"start":{"line":249,"column":4},"end":{"line":249,"column":null}},"106":{"start":{"line":251,"column":4},"end":{"line":254,"column":null}},"107":{"start":{"line":252,"column":6},"end":{"line":252,"column":null}},"108":{"start":{"line":253,"column":6},"end":{"line":253,"column":null}},"109":{"start":{"line":257,"column":22},"end":{"line":259,"column":8}},"110":{"start":{"line":258,"column":4},"end":{"line":258,"column":null}},"111":{"start":{"line":261,"column":2},"end":{"line":266,"column":null}},"112":{"start":{"line":219,"column":13},"end":{"line":219,"column":36}}},"fnMap":{"0":{"name":"(anonymous_0)","decl":{"start":{"line":54,"column":31},"end":{"line":54,"column":34}},"loc":{"start":{"line":54,"column":36},"end":{"line":216,"column":1}}},"1":{"name":"(anonymous_1)","decl":{"start":{"line":63,"column":32},"end":{"line":63,"column":37}},"loc":{"start":{"line":63,"column":43},"end":{"line":91,"column":3}}},"2":{"name":"(anonymous_2)","decl":{"start":{"line":94,"column":12},"end":{"line":94,"column":15}},"loc":{"start":{"line":94,"column":17},"end":{"line":140,"column":3}}},"3":{"name":"(anonymous_3)","decl":{"start":{"line":97,"column":29},"end":{"line":97,"column":30}},"loc":{"start":{"line":97,"column":62},"end":{"line":123,"column":5}}},"4":{"name":"(anonymous_4)","decl":{"start":{"line":106,"column":23},"end":{"line":106,"column":24}},"loc":{"start":{"line":106,"column":52},"end":{"line":106,"column":86}}},"5":{"name":"(anonymous_5)","decl":{"start":{"line":110,"column":43},"end":{"line":110,"column":44}},"loc":{"start":{"line":110,"column":60},"end":{"line":110,"column":91}}},"6":{"name":"(anonymous_6)","decl":{"start":{"line":116,"column":43},"end":{"line":116,"column":44}},"loc":{"start":{"line":116,"column":60},"end":{"line":116,"column":91}}},"7":{"name":"(anonymous_7)","decl":{"start":{"line":125,"column":33},"end":{"line":125,"column":34}},"loc":{"start":{"line":125,"column":63},"end":{"line":128,"column":5}}},"8":{"name":"(anonymous_8)","decl":{"start":{"line":135,"column":11},"end":{"line":135,"column":14}},"loc":{"start":{"line":135,"column":16},"end":{"line":139,"column":5}}},"9":{"name":"(anonymous_9)","decl":{"start":{"line":143,"column":12},"end":{"line":143,"column":15}},"loc":{"start":{"line":143,"column":17},"end":{"line":145,"column":3}}},"10":{"name":"(anonymous_10)","decl":{"start":{"line":148,"column":40},"end":{"line":148,"column":43}},"loc":{"start":{"line":148,"column":45},"end":{"line":150,"column":3}}},"11":{"name":"(anonymous_11)","decl":{"start":{"line":149,"column":23},"end":{"line":149,"column":24}},"loc":{"start":{"line":149,"column":43},"end":{"line":149,"column":70}}},"12":{"name":"(anonymous_12)","decl":{"start":{"line":152,"column":42},"end":{"line":152,"column":45}},"loc":{"start":{"line":152,"column":47},"end":{"line":154,"column":3}}},"13":{"name":"(anonymous_13)","decl":{"start":{"line":153,"column":23},"end":{"line":153,"column":24}},"loc":{"start":{"line":153,"column":43},"end":{"line":153,"column":71}}},"14":{"name":"(anonymous_14)","decl":{"start":{"line":156,"column":41},"end":{"line":156,"column":42}},"loc":{"start":{"line":156,"column":62},"end":{"line":158,"column":3}}},"15":{"name":"(anonymous_15)","decl":{"start":{"line":157,"column":23},"end":{"line":157,"column":24}},"loc":{"start":{"line":157,"column":43},"end":{"line":157,"column":69}}},"16":{"name":"(anonymous_16)","decl":{"start":{"line":160,"column":45},"end":{"line":160,"column":46}},"loc":{"start":{"line":160,"column":66},"end":{"line":162,"column":3}}},"17":{"name":"(anonymous_17)","decl":{"start":{"line":161,"column":23},"end":{"line":161,"column":24}},"loc":{"start":{"line":161,"column":43},"end":{"line":161,"column":100}}},"18":{"name":"(anonymous_18)","decl":{"start":{"line":164,"column":48},"end":{"line":164,"column":51}},"loc":{"start":{"line":164,"column":53},"end":{"line":166,"column":3}}},"19":{"name":"(anonymous_19)","decl":{"start":{"line":165,"column":32},"end":{"line":165,"column":33}},"loc":{"start":{"line":165,"column":57},"end":{"line":165,"column":79}}},"20":{"name":"(anonymous_20)","decl":{"start":{"line":168,"column":41},"end":{"line":168,"column":44}},"loc":{"start":{"line":168,"column":46},"end":{"line":170,"column":3}}},"21":{"name":"(anonymous_21)","decl":{"start":{"line":169,"column":32},"end":{"line":169,"column":33}},"loc":{"start":{"line":169,"column":57},"end":{"line":169,"column":80}}},"22":{"name":"(anonymous_22)","decl":{"start":{"line":172,"column":38},"end":{"line":172,"column":39}},"loc":{"start":{"line":172,"column":57},"end":{"line":175,"column":3}}},"23":{"name":"(anonymous_23)","decl":{"start":{"line":173,"column":27},"end":{"line":173,"column":28}},"loc":{"start":{"line":173,"column":44},"end":{"line":173,"column":59}}},"24":{"name":"(anonymous_24)","decl":{"start":{"line":177,"column":45},"end":{"line":177,"column":46}},"loc":{"start":{"line":177,"column":64},"end":{"line":180,"column":3}}},"25":{"name":"(anonymous_25)","decl":{"start":{"line":178,"column":46},"end":{"line":178,"column":47}},"loc":{"start":{"line":178,"column":68},"end":{"line":178,"column":93}}},"26":{"name":"(anonymous_26)","decl":{"start":{"line":182,"column":34},"end":{"line":182,"column":37}},"loc":{"start":{"line":182,"column":39},"end":{"line":184,"column":3}}},"27":{"name":"(anonymous_27)","decl":{"start":{"line":219,"column":36},"end":{"line":219,"column":39}},"loc":{"start":{"line":219,"column":41},"end":{"line":267,"column":1}}},"28":{"name":"(anonymous_28)","decl":{"start":{"line":224,"column":12},"end":{"line":224,"column":15}},"loc":{"start":{"line":224,"column":17},"end":{"line":255,"column":3}}},"29":{"name":"(anonymous_29)","decl":{"start":{"line":227,"column":33},"end":{"line":227,"column":34}},"loc":{"start":{"line":227,"column":63},"end":{"line":231,"column":5}}},"30":{"name":"(anonymous_30)","decl":{"start":{"line":229,"column":24},"end":{"line":229,"column":25}},"loc":{"start":{"line":229,"column":52},"end":{"line":229,"column":85}}},"31":{"name":"(anonymous_31)","decl":{"start":{"line":233,"column":29},"end":{"line":233,"column":30}},"loc":{"start":{"line":233,"column":62},"end":{"line":246,"column":5}}},"32":{"name":"(anonymous_32)","decl":{"start":{"line":236,"column":43},"end":{"line":236,"column":44}},"loc":{"start":{"line":236,"column":60},"end":{"line":236,"column":91}}},"33":{"name":"(anonymous_33)","decl":{"start":{"line":238,"column":28},"end":{"line":238,"column":29}},"loc":{"start":{"line":238,"column":56},"end":{"line":243,"column":34}}},"34":{"name":"(anonymous_34)","decl":{"start":{"line":251,"column":11},"end":{"line":251,"column":14}},"loc":{"start":{"line":251,"column":16},"end":{"line":254,"column":5}}},"35":{"name":"(anonymous_35)","decl":{"start":{"line":257,"column":34},"end":{"line":257,"column":37}},"loc":{"start":{"line":257,"column":39},"end":{"line":259,"column":3}}}},"branchMap":{"0":{"loc":{"start":{"line":75,"column":6},"end":{"line":78,"column":7}},"type":"if","locations":[{"start":{"line":75,"column":6},"end":{"line":78,"column":7}},{"start":{},"end":{}}]},"1":{"loc":{"start":{"line":80,"column":6},"end":{"line":83,"column":7}},"type":"if","locations":[{"start":{"line":80,"column":6},"end":{"line":83,"column":7}},{"start":{},"end":{}}]},"2":{"loc":{"start":{"line":95,"column":4},"end":{"line":95,"column":23}},"type":"if","locations":[{"start":{"line":95,"column":4},"end":{"line":95,"column":23}},{"start":{},"end":{}}]},"3":{"loc":{"start":{"line":109,"column":6},"end":{"line":122,"column":7}},"type":"if","locations":[{"start":{"line":109,"column":6},"end":{"line":122,"column":7}},{"start":{"line":115,"column":13},"end":{"line":122,"column":7}}]},"4":{"loc":{"start":{"line":111,"column":8},"end":{"line":114,"column":9}},"type":"if","locations":[{"start":{"line":111,"column":8},"end":{"line":114,"column":9}},{"start":{},"end":{}}]},"5":{"loc":{"start":{"line":115,"column":13},"end":{"line":122,"column":7}},"type":"if","locations":[{"start":{"line":115,"column":13},"end":{"line":122,"column":7}},{"start":{"line":120,"column":13},"end":{"line":122,"column":7}}]},"6":{"loc":{"start":{"line":117,"column":8},"end":{"line":119,"column":9}},"type":"if","locations":[{"start":{"line":117,"column":8},"end":{"line":119,"column":9}},{"start":{},"end":{}}]},"7":{"loc":{"start":{"line":120,"column":13},"end":{"line":122,"column":7}},"type":"if","locations":[{"start":{"line":120,"column":13},"end":{"line":122,"column":7}},{"start":{},"end":{}}]},"8":{"loc":{"start":{"line":120,"column":17},"end":{"line":120,"column":74}},"type":"binary-expr","locations":[{"start":{"line":120,"column":17},"end":{"line":120,"column":51}},{"start":{"line":120,"column":55},"end":{"line":120,"column":74}}]},"9":{"loc":{"start":{"line":161,"column":43},"end":{"line":161,"column":100}},"type":"binary-expr","locations":[{"start":{"line":161,"column":43},"end":{"line":161,"column":69}},{"start":{"line":161,"column":73},"end":{"line":161,"column":100}}]},"10":{"loc":{"start":{"line":174,"column":11},"end":{"line":174,"column":48}},"type":"binary-expr","locations":[{"start":{"line":174,"column":11},"end":{"line":174,"column":39}},{"start":{"line":174,"column":43},"end":{"line":174,"column":48}}]},"11":{"loc":{"start":{"line":179,"column":11},"end":{"line":179,"column":41}},"type":"binary-expr","locations":[{"start":{"line":179,"column":11},"end":{"line":179,"column":33}},{"start":{"line":179,"column":37},"end":{"line":179,"column":41}}]},"12":{"loc":{"start":{"line":225,"column":4},"end":{"line":225,"column":23}},"type":"if","locations":[{"start":{"line":225,"column":4},"end":{"line":225,"column":23}},{"start":{},"end":{}}]},"13":{"loc":{"start":{"line":234,"column":6},"end":{"line":245,"column":7}},"type":"if","locations":[{"start":{"line":234,"column":6},"end":{"line":245,"column":7}},{"start":{},"end":{}}]},"14":{"loc":{"start":{"line":237,"column":8},"end":{"line":244,"column":9}},"type":"if","locations":[{"start":{"line":237,"column":8},"end":{"line":244,"column":9}},{"start":{},"end":{}}]},"15":{"loc":{"start":{"line":237,"column":12},"end":{"line":237,"column":78}},"type":"binary-expr","locations":[{"start":{"line":237,"column":12},"end":{"line":237,"column":16}},{"start":{"line":237,"column":20},"end":{"line":237,"column":78}}]}},"s":{"0":0,"1":0,"2":0,"3":0,"4":0,"5":0,"6":0,"7":0,"8":0,"9":0,"10":0,"11":0,"12":0,"13":0,"14":0,"15":0,"16":0,"17":0,"18":0,"19":0,"20":0,"21":0,"22":0,"23":0,"24":0,"25":0,"26":0,"27":0,"28":0,"29":0,"30":0,"31":0,"32":0,"33":0,"34":0,"35":0,"36":0,"37":0,"38":0,"39":0,"40":0,"41":0,"42":0,"43":0,"44":0,"45":0,"46":0,"47":0,"48":0,"49":0,"50":0,"51":0,"52":0,"53":0,"54":0,"55":0,"56":0,"57":0,"58":0,"59":0,"60":0,"61":0,"62":0,"63":0,"64":0,"65":0,"66":0,"67":0,"68":0,"69":0,"70":0,"71":0,"72":0,"73":0,"74":0,"75":0,"76":0,"77":0,"78":0,"79":0,"80":0,"81":0,"82":0,"83":0,"84":0,"85":0,"86":0,"87":0,"88":0,"89":0,"90":0,"91":0,"92":0,"93":0,"94":0,"95":0,"96":0,"97":0,"98":0,"99":0,"100":0,"101":0,"102":0,"103":0,"104":0,"105":0,"106":0,"107":0,"108":0,"109":0,"110":0,"111":0,"112":0},"f":{"0":0,"1":0,"2":0,"3":0,"4":0,"5":0,"6":0,"7":0,"8":0,"9":0,"10":0,"11":0,"12":0,"13":0,"14":0,"15":0,"16":0,"17":0,"18":0,"19":0,"20":0,"21":0,"22":0,"23":0,"24":0,"25":0,"26":0,"27":0,"28":0,"29":0,"30":0,"31":0,"32":0,"33":0,"34":0,"35":0},"b":{"0":[0,0],"1":[0,0],"2":[0,0],"3":[0,0],"4":[0,0],"5":[0,0],"6":[0,0],"7":[0,0],"8":[0,0],"9":[0,0],"10":[0,0],"11":[0,0],"12":[0,0],"13":[0,0],"14":[0,0],"15":[0,0]}}
,"/Users/joseph/Documents/code/RevManger/src/hooks/useSocket.ts": {"path":"/Users/joseph/Documents/code/RevManger/src/hooks/useSocket.ts","statementMap":{"0":{"start":{"line":1,"column":0},"end":{"line":1,"column":43}},"1":{"start":{"line":2,"column":0},"end":{"line":2,"column":45}},"2":{"start":{"line":3,"column":0},"end":{"line":3,"column":49}},"3":{"start":{"line":5,"column":25},"end":{"line":37,"column":1}},"4":{"start":{"line":6,"column":30},"end":{"line":6,"column":59}},"5":{"start":{"line":7,"column":19},"end":{"line":7,"column":28}},"6":{"start":{"line":9,"column":2},"end":{"line":34,"column":null}},"7":{"start":{"line":10,"column":4},"end":{"line":33,"column":5}},"8":{"start":{"line":11,"column":24},"end":{"line":15,"column":8}},"9":{"start":{"line":18,"column":6},"end":{"line":18,"column":null}},"10":{"start":{"line":20,"column":6},"end":{"line":22,"column":null}},"11":{"start":{"line":21,"column":8},"end":{"line":21,"column":null}},"12":{"start":{"line":24,"column":6},"end":{"line":26,"column":null}},"13":{"start":{"line":25,"column":8},"end":{"line":25,"column":null}},"14":{"start":{"line":28,"column":6},"end":{"line":28,"column":null}},"15":{"start":{"line":30,"column":6},"end":{"line":32,"column":null}},"16":{"start":{"line":31,"column":8},"end":{"line":31,"column":null}},"17":{"start":{"line":36,"column":2},"end":{"line":36,"column":null}},"18":{"start":{"line":5,"column":13},"end":{"line":5,"column":25}}},"fnMap":{"0":{"name":"(anonymous_0)","decl":{"start":{"line":5,"column":25},"end":{"line":5,"column":43}},"loc":{"start":{"line":5,"column":45},"end":{"line":37,"column":1}}},"1":{"name":"(anonymous_1)","decl":{"start":{"line":9,"column":12},"end":{"line":9,"column":15}},"loc":{"start":{"line":9,"column":17},"end":{"line":34,"column":3}}},"2":{"name":"(anonymous_2)","decl":{"start":{"line":20,"column":30},"end":{"line":20,"column":33}},"loc":{"start":{"line":20,"column":35},"end":{"line":22,"column":7}}},"3":{"name":"(anonymous_3)","decl":{"start":{"line":24,"column":33},"end":{"line":24,"column":36}},"loc":{"start":{"line":24,"column":38},"end":{"line":26,"column":7}}},"4":{"name":"(anonymous_4)","decl":{"start":{"line":30,"column":13},"end":{"line":30,"column":16}},"loc":{"start":{"line":30,"column":18},"end":{"line":32,"column":7}}}},"branchMap":{"0":{"loc":{"start":{"line":10,"column":4},"end":{"line":33,"column":5}},"type":"if","locations":[{"start":{"line":10,"column":4},"end":{"line":33,"column":5}},{"start":{},"end":{}}]}},"s":{"0":1,"1":1,"2":1,"3":1,"4":20,"5":20,"6":20,"7":20,"8":20,"9":0,"10":0,"11":0,"12":0,"13":0,"14":0,"15":0,"16":0,"17":20,"18":1},"f":{"0":20,"1":20,"2":0,"3":0,"4":0},"b":{"0":[20,0]}}
}
