TN:
SF:src/App.tsx
FN:17,App
FN:20,(anonymous_1)
FN:25,(anonymous_2)
FN:29,(anonymous_3)
FN:33,(anonymous_4)
FNF:5
FNH:0
FNDA:0,App
FNDA:0,(anonymous_1)
FNDA:0,(anonymous_2)
FNDA:0,(anonymous_3)
FNDA:0,(anonymous_4)
DA:1,0
DA:2,0
DA:3,0
DA:4,0
DA:5,0
DA:6,0
DA:7,0
DA:8,0
DA:9,0
DA:10,0
DA:11,0
DA:12,0
DA:13,0
DA:14,0
DA:15,0
DA:18,0
DA:20,0
DA:22,0
DA:23,0
DA:25,0
DA:26,0
DA:29,0
DA:30,0
DA:33,0
DA:34,0
DA:38,0
DA:63,0
LF:27
LH:0
BRF:0
BRH:0
end_of_record
TN:
SF:src/components/Dashboard.tsx
FN:5,(anonymous_0)
FN:17,(anonymous_1)
FN:22,(anonymous_2)
FN:194,(anonymous_3)
FN:229,(anonymous_4)
FN:235,(anonymous_5)
FN:264,(anonymous_6)
FN:270,(anonymous_7)
FN:298,(anonymous_8)
FNF:9
FNH:0
FNDA:0,(anonymous_0)
FNDA:0,(anonymous_1)
FNDA:0,(anonymous_2)
FNDA:0,(anonymous_3)
FNDA:0,(anonymous_4)
FNDA:0,(anonymous_5)
FNDA:0,(anonymous_6)
FNDA:0,(anonymous_7)
FNDA:0,(anonymous_8)
DA:1,0
DA:2,0
DA:3,0
DA:5,0
DA:6,0
DA:7,0
DA:9,0
DA:10,0
DA:17,0
DA:18,0
DA:19,0
DA:22,0
DA:23,0
DA:194,0
DA:229,0
DA:235,0
DA:264,0
DA:270,0
DA:298,0
DA:340,0
DA:445,0
LF:21
LH:0
BRDA:9,0,0,0
BRDA:9,0,1,0
BRDA:26,1,0,0
BRDA:26,1,1,0
BRDA:55,2,0,0
BRDA:55,2,1,0
BRDA:85,3,0,0
BRDA:85,3,1,0
BRDA:114,4,0,0
BRDA:114,4,1,0
BRDA:127,5,0,0
BRDA:127,5,1,0
BRDA:133,6,0,0
BRDA:133,6,1,0
BRDA:148,7,0,0
BRDA:148,7,1,0
BRDA:177,8,0,0
BRDA:177,8,1,0
BRDA:212,9,0,0
BRDA:212,9,1,0
BRDA:212,9,2,0
BRDA:247,10,0,0
BRDA:247,10,1,0
BRDA:247,10,2,0
BRDA:309,11,0,0
BRDA:309,11,1,0
BRDA:415,12,0,0
BRDA:415,12,1,0
BRDA:415,12,2,0
BRF:29
BRH:0
end_of_record
TN:
SF:src/components/KitchenDashboard.new.tsx
FN:23,(anonymous_0)
FN:40,(anonymous_1)
FN:60,(anonymous_2)
FN:77,(anonymous_3)
FN:84,(anonymous_4)
FN:87,(anonymous_5)
FN:91,(anonymous_6)
FN:92,(anonymous_7)
FN:95,(anonymous_8)
FN:102,(anonymous_9)
FN:246,(anonymous_10)
FNF:11
FNH:0
FNDA:0,(anonymous_0)
FNDA:0,(anonymous_1)
FNDA:0,(anonymous_2)
FNDA:0,(anonymous_3)
FNDA:0,(anonymous_4)
FNDA:0,(anonymous_5)
FNDA:0,(anonymous_6)
FNDA:0,(anonymous_7)
FNDA:0,(anonymous_8)
FNDA:0,(anonymous_9)
FNDA:0,(anonymous_10)
DA:1,0
DA:2,0
DA:3,0
DA:23,0
DA:24,0
DA:25,0
DA:26,0
DA:33,0
DA:34,0
DA:37,0
DA:40,0
DA:41,0
DA:42,0
DA:48,0
DA:49,0
DA:50,0
DA:53,0
DA:55,0
DA:60,0
DA:61,0
DA:62,0
DA:68,0
DA:69,0
DA:70,0
DA:73,0
DA:77,0
DA:78,0
DA:79,0
DA:80,0
DA:84,0
DA:85,0
DA:87,0
DA:88,0
DA:91,0
DA:92,0
DA:95,0
DA:96,0
DA:97,0
DA:102,0
DA:103,0
DA:109,0
DA:110,0
DA:131,0
DA:132,0
DA:142,0
DA:247,0
DA:297,0
LF:47
LH:0
BRDA:37,0,0,0
BRDA:37,0,1,0
BRDA:48,1,0,0
BRDA:48,1,1,0
BRDA:68,2,0,0
BRDA:68,2,1,0
BRDA:78,3,0,0
BRDA:78,3,1,0
BRDA:85,4,0,0
BRDA:85,4,1,0
BRDA:85,5,0,0
BRDA:85,5,1,0
BRDA:109,6,0,0
BRDA:109,6,1,0
BRDA:131,7,0,0
BRDA:131,7,1,0
BRDA:243,8,0,0
BRDA:243,8,1,0
BRDA:250,9,0,0
BRDA:250,9,1,0
BRDA:251,10,0,0
BRDA:251,10,1,0
BRDA:274,11,0,0
BRDA:274,11,1,0
BRDA:283,12,0,0
BRDA:283,12,1,0
BRF:26
BRH:0
end_of_record
TN:
SF:src/components/KitchenDashboard.tsx
FN:23,(anonymous_0)
FN:40,(anonymous_1)
FN:60,(anonymous_2)
FN:77,(anonymous_3)
FN:84,(anonymous_4)
FN:87,(anonymous_5)
FN:91,(anonymous_6)
FN:92,(anonymous_7)
FN:95,(anonymous_8)
FN:102,(anonymous_9)
FN:246,(anonymous_10)
FNF:11
FNH:0
FNDA:0,(anonymous_0)
FNDA:0,(anonymous_1)
FNDA:0,(anonymous_2)
FNDA:0,(anonymous_3)
FNDA:0,(anonymous_4)
FNDA:0,(anonymous_5)
FNDA:0,(anonymous_6)
FNDA:0,(anonymous_7)
FNDA:0,(anonymous_8)
FNDA:0,(anonymous_9)
FNDA:0,(anonymous_10)
DA:1,0
DA:2,0
DA:3,0
DA:23,0
DA:24,0
DA:25,0
DA:26,0
DA:33,0
DA:34,0
DA:37,0
DA:40,0
DA:41,0
DA:42,0
DA:48,0
DA:49,0
DA:50,0
DA:53,0
DA:55,0
DA:60,0
DA:61,0
DA:62,0
DA:68,0
DA:69,0
DA:70,0
DA:73,0
DA:77,0
DA:78,0
DA:79,0
DA:80,0
DA:84,0
DA:85,0
DA:87,0
DA:88,0
DA:91,0
DA:92,0
DA:95,0
DA:96,0
DA:97,0
DA:102,0
DA:103,0
DA:109,0
DA:110,0
DA:131,0
DA:132,0
DA:142,0
DA:247,0
DA:297,0
LF:47
LH:0
BRDA:37,0,0,0
BRDA:37,0,1,0
BRDA:48,1,0,0
BRDA:48,1,1,0
BRDA:68,2,0,0
BRDA:68,2,1,0
BRDA:78,3,0,0
BRDA:78,3,1,0
BRDA:85,4,0,0
BRDA:85,4,1,0
BRDA:85,5,0,0
BRDA:85,5,1,0
BRDA:109,6,0,0
BRDA:109,6,1,0
BRDA:131,7,0,0
BRDA:131,7,1,0
BRDA:243,8,0,0
BRDA:243,8,1,0
BRDA:250,9,0,0
BRDA:250,9,1,0
BRDA:251,10,0,0
BRDA:251,10,1,0
BRDA:274,11,0,0
BRDA:274,11,1,0
BRDA:283,12,0,0
BRDA:283,12,1,0
BRF:26
BRH:0
end_of_record
TN:
SF:src/components/KitchenQueue.tsx
FN:37,(anonymous_0)
FN:49,(anonymous_1)
FN:75,(anonymous_2)
FN:79,(anonymous_3)
FN:108,(anonymous_4)
FN:108,(anonymous_5)
FN:117,(anonymous_6)
FN:126,(anonymous_7)
FN:129,(anonymous_8)
FN:131,(anonymous_9)
FN:142,(anonymous_10)
FN:144,(anonymous_11)
FN:144,(anonymous_12)
FN:157,(anonymous_13)
FN:159,(anonymous_14)
FN:159,(anonymous_15)
FN:171,(anonymous_16)
FN:179,(anonymous_17)
FN:186,(anonymous_18)
FN:193,(anonymous_19)
FN:194,(anonymous_20)
FN:195,(anonymous_21)
FN:198,(anonymous_22)
FN:208,(anonymous_23)
FN:215,(anonymous_24)
FN:306,(anonymous_25)
FN:328,(anonymous_26)
FN:363,(anonymous_27)
FN:374,(anonymous_28)
FN:399,(anonymous_29)
FN:427,(anonymous_30)
FN:438,(anonymous_31)
FN:463,(anonymous_32)
FN:486,(anonymous_33)
FN:498,(anonymous_34)
FN:505,(anonymous_35)
FNF:36
FNH:0
FNDA:0,(anonymous_0)
FNDA:0,(anonymous_1)
FNDA:0,(anonymous_2)
FNDA:0,(anonymous_3)
FNDA:0,(anonymous_4)
FNDA:0,(anonymous_5)
FNDA:0,(anonymous_6)
FNDA:0,(anonymous_7)
FNDA:0,(anonymous_8)
FNDA:0,(anonymous_9)
FNDA:0,(anonymous_10)
FNDA:0,(anonymous_11)
FNDA:0,(anonymous_12)
FNDA:0,(anonymous_13)
FNDA:0,(anonymous_14)
FNDA:0,(anonymous_15)
FNDA:0,(anonymous_16)
FNDA:0,(anonymous_17)
FNDA:0,(anonymous_18)
FNDA:0,(anonymous_19)
FNDA:0,(anonymous_20)
FNDA:0,(anonymous_21)
FNDA:0,(anonymous_22)
FNDA:0,(anonymous_23)
FNDA:0,(anonymous_24)
FNDA:0,(anonymous_25)
FNDA:0,(anonymous_26)
FNDA:0,(anonymous_27)
FNDA:0,(anonymous_28)
FNDA:0,(anonymous_29)
FNDA:0,(anonymous_30)
FNDA:0,(anonymous_31)
FNDA:0,(anonymous_32)
FNDA:0,(anonymous_33)
FNDA:0,(anonymous_34)
FNDA:0,(anonymous_35)
DA:1,0
DA:2,0
DA:3,0
DA:37,0
DA:38,0
DA:39,0
DA:40,0
DA:41,0
DA:42,0
DA:43,0
DA:46,0
DA:49,0
DA:50,0
DA:51,0
DA:52,0
DA:54,0
DA:60,0
DA:61,0
DA:64,0
DA:65,0
DA:67,0
DA:68,0
DA:70,0
DA:75,0
DA:76,0
DA:78,0
DA:79,0
DA:81,0
DA:87,0
DA:88,0
DA:89,0
DA:92,0
DA:101,0
DA:102,0
DA:105,0
DA:108,0
DA:109,0
DA:112,0
DA:114,0
DA:115,0
DA:117,0
DA:118,0
DA:119,0
DA:120,0
DA:126,0
DA:127,0
DA:129,0
DA:130,0
DA:131,0
DA:134,0
DA:135,0
DA:142,0
DA:143,0
DA:144,0
DA:145,0
DA:146,0
DA:153,0
DA:157,0
DA:158,0
DA:159,0
DA:160,0
DA:167,0
DA:168,0
DA:169,0
DA:171,0
DA:172,0
DA:173,0
DA:174,0
DA:179,0
DA:180,0
DA:181,0
DA:186,0
DA:187,0
DA:188,0
DA:193,0
DA:194,0
DA:195,0
DA:198,0
DA:199,0
DA:200,0
DA:201,0
DA:203,0
DA:204,0
DA:205,0
DA:208,0
DA:209,0
DA:215,0
DA:216,0
DA:217,0
DA:218,0
DA:220,0
DA:221,0
DA:223,0
DA:224,0
DA:225,0
DA:228,0
DA:229,0
DA:239,0
DA:240,0
DA:252,0
DA:253,0
DA:254,0
DA:256,0
DA:306,0
DA:329,0
DA:330,0
DA:332,0
DA:364,0
DA:374,0
DA:400,0
DA:402,0
DA:428,0
DA:438,0
DA:464,0
DA:466,0
DA:487,0
DA:498,0
DA:505,0
DA:523,0
LF:119
LH:0
BRDA:46,0,0,0
BRDA:46,0,1,0
BRDA:60,1,0,0
BRDA:60,1,1,0
BRDA:68,2,0,0
BRDA:68,2,1,0
BRDA:76,3,0,0
BRDA:76,3,1,0
BRDA:87,4,0,0
BRDA:87,4,1,0
BRDA:87,5,0,0
BRDA:87,5,1,0
BRDA:101,6,0,0
BRDA:101,6,1,0
BRDA:109,7,0,0
BRDA:109,7,1,0
BRDA:115,8,0,0
BRDA:115,8,1,0
BRDA:127,9,0,0
BRDA:127,9,1,0
BRDA:134,10,0,0
BRDA:134,10,1,0
BRDA:134,11,0,0
BRDA:134,11,1,0
BRDA:145,12,0,0
BRDA:145,12,1,0
BRDA:150,13,0,0
BRDA:150,13,1,0
BRDA:160,14,0,0
BRDA:160,14,1,0
BRDA:180,15,0,0
BRDA:180,15,1,0
BRDA:187,16,0,0
BRDA:187,16,1,0
BRDA:187,17,0,0
BRDA:187,17,1,0
BRDA:203,18,0,0
BRDA:203,18,1,0
BRDA:204,19,0,0
BRDA:204,19,1,0
BRDA:220,20,0,0
BRDA:220,20,1,0
BRDA:221,21,0,0
BRDA:221,21,1,0
BRDA:228,22,0,0
BRDA:228,22,1,0
BRDA:239,23,0,0
BRDA:239,23,1,0
BRDA:302,24,0,0
BRDA:302,24,1,0
BRDA:325,25,0,0
BRDA:325,25,1,0
BRDA:336,26,0,0
BRDA:336,26,1,0
BRDA:338,27,0,0
BRDA:338,27,1,0
BRDA:351,28,0,0
BRDA:351,28,1,0
BRDA:353,29,0,0
BRDA:353,29,1,0
BRDA:366,30,0,0
BRDA:366,30,1,0
BRDA:378,31,0,0
BRDA:378,31,1,0
BRDA:396,32,0,0
BRDA:396,32,1,0
BRDA:414,33,0,0
BRDA:414,33,1,0
BRDA:430,34,0,0
BRDA:430,34,1,0
BRDA:442,35,0,0
BRDA:442,35,1,0
BRDA:460,36,0,0
BRDA:460,36,1,0
BRDA:489,37,0,0
BRDA:489,37,1,0
BRDA:502,38,0,0
BRDA:502,38,1,0
BRF:78
BRH:0
end_of_record
TN:
SF:src/components/LiveDashboard.backup.tsx
FN:4,(anonymous_0)
FN:120,(anonymous_1)
FN:140,(anonymous_2)
FN:178,(anonymous_3)
FN:241,(anonymous_4)
FNF:5
FNH:0
FNDA:0,(anonymous_0)
FNDA:0,(anonymous_1)
FNDA:0,(anonymous_2)
FNDA:0,(anonymous_3)
FNDA:0,(anonymous_4)
DA:1,0
DA:2,0
DA:4,0
DA:5,0
DA:15,0
DA:22,0
DA:24,0
DA:25,0
DA:27,0
DA:121,0
DA:140,0
DA:179,0
DA:242,0
DA:316,0
LF:14
LH:0
BRDA:24,0,0,0
BRDA:24,0,1,0
BRDA:25,1,0,0
BRDA:25,1,1,0
BRDA:109,2,0,0
BRDA:109,2,1,0
BRDA:116,3,0,0
BRDA:116,3,1,0
BRDA:124,4,0,0
BRDA:124,4,1,0
BRDA:126,5,0,0
BRDA:126,5,1,0
BRDA:134,6,0,0
BRDA:134,6,1,0
BRDA:135,7,0,0
BRDA:135,7,1,0
BRDA:136,8,0,0
BRDA:136,8,1,0
BRDA:138,9,0,0
BRDA:138,9,1,0
BRDA:143,10,0,0
BRDA:143,10,1,0
BRDA:174,11,0,0
BRDA:174,11,1,0
BRDA:182,12,0,0
BRDA:182,12,1,0
BRDA:190,13,0,0
BRDA:190,13,1,0
BRDA:194,14,0,0
BRDA:194,14,1,0
BRDA:194,14,2,0
BRDA:212,15,0,0
BRDA:212,15,1,0
BRDA:218,16,0,0
BRDA:218,16,1,0
BRDA:230,17,0,0
BRDA:230,17,1,0
BRDA:237,18,0,0
BRDA:237,18,1,0
BRDA:249,19,0,0
BRDA:249,19,1,0
BRDA:251,20,0,0
BRDA:251,20,1,0
BRDA:256,21,0,0
BRDA:256,21,1,0
BRDA:284,22,0,0
BRDA:284,22,1,0
BRDA:301,23,0,0
BRDA:301,23,1,0
BRF:49
BRH:0
end_of_record
TN:
SF:src/components/LiveDashboard.new.tsx
FN:4,(anonymous_0)
FN:109,(anonymous_1)
FN:148,(anonymous_2)
FN:185,(anonymous_3)
FN:223,(anonymous_4)
FNF:5
FNH:0
FNDA:0,(anonymous_0)
FNDA:0,(anonymous_1)
FNDA:0,(anonymous_2)
FNDA:0,(anonymous_3)
FNDA:0,(anonymous_4)
DA:1,0
DA:2,0
DA:4,0
DA:5,0
DA:15,0
DA:22,0
DA:24,0
DA:25,0
DA:27,0
DA:110,0
DA:149,0
DA:186,0
DA:224,0
DA:267,0
LF:14
LH:0
BRDA:24,0,0,0
BRDA:24,0,1,0
BRDA:25,1,0,0
BRDA:25,1,1,0
BRDA:102,2,0,0
BRDA:102,2,1,0
BRDA:105,3,0,0
BRDA:105,3,1,0
BRDA:112,4,0,0
BRDA:112,4,1,0
BRDA:113,5,0,0
BRDA:113,5,1,0
BRDA:132,6,0,0
BRDA:132,6,1,0
BRDA:134,7,0,0
BRDA:134,7,1,0
BRDA:139,8,0,0
BRDA:139,8,1,0
BRDA:160,9,0,0
BRDA:160,9,1,0
BRDA:181,10,0,0
BRDA:181,10,1,0
BRDA:219,11,0,0
BRDA:219,11,1,0
BRDA:244,12,0,0
BRDA:244,12,1,0
BRDA:253,13,0,0
BRDA:253,13,1,0
BRF:28
BRH:0
end_of_record
TN:
SF:src/components/LiveDashboard.tsx
FN:4,(anonymous_0)
FN:109,(anonymous_1)
FN:148,(anonymous_2)
FN:185,(anonymous_3)
FN:223,(anonymous_4)
FNF:5
FNH:0
FNDA:0,(anonymous_0)
FNDA:0,(anonymous_1)
FNDA:0,(anonymous_2)
FNDA:0,(anonymous_3)
FNDA:0,(anonymous_4)
DA:1,0
DA:2,0
DA:4,0
DA:5,0
DA:15,0
DA:22,0
DA:24,0
DA:25,0
DA:27,0
DA:110,0
DA:149,0
DA:186,0
DA:224,0
DA:267,0
LF:14
LH:0
BRDA:24,0,0,0
BRDA:24,0,1,0
BRDA:25,1,0,0
BRDA:25,1,1,0
BRDA:102,2,0,0
BRDA:102,2,1,0
BRDA:105,3,0,0
BRDA:105,3,1,0
BRDA:112,4,0,0
BRDA:112,4,1,0
BRDA:113,5,0,0
BRDA:113,5,1,0
BRDA:132,6,0,0
BRDA:132,6,1,0
BRDA:134,7,0,0
BRDA:134,7,1,0
BRDA:139,8,0,0
BRDA:139,8,1,0
BRDA:160,9,0,0
BRDA:160,9,1,0
BRDA:181,10,0,0
BRDA:181,10,1,0
BRDA:219,11,0,0
BRDA:219,11,1,0
BRDA:244,12,0,0
BRDA:244,12,1,0
BRDA:253,13,0,0
BRDA:253,13,1,0
BRF:28
BRH:0
end_of_record
TN:
SF:src/components/Login.tsx
FN:5,(anonymous_0)
FN:14,(anonymous_1)
FN:61,(anonymous_2)
FN:77,(anonymous_3)
FNF:4
FNH:0
FNDA:0,(anonymous_0)
FNDA:0,(anonymous_1)
FNDA:0,(anonymous_2)
FNDA:0,(anonymous_3)
DA:1,0
DA:2,0
DA:3,0
DA:5,0
DA:6,0
DA:7,0
DA:8,0
DA:9,0
DA:11,0
DA:12,0
DA:14,0
DA:15,0
DA:16,0
DA:17,0
DA:19,0
DA:20,0
DA:21,0
DA:22,0
DA:24,0
DA:27,0
DA:29,0
DA:33,0
DA:61,0
DA:77,0
DA:101,0
LF:25
LH:0
BRDA:21,0,0,0
BRDA:21,0,1,0
BRDA:82,1,0,0
BRDA:82,1,1,0
BRDA:92,2,0,0
BRDA:92,2,1,0
BRF:6
BRH:0
end_of_record
TN:
SF:src/components/OrderManagement.tsx
FN:31,(anonymous_0)
FN:44,(anonymous_1)
FN:45,(anonymous_2)
FN:48,(anonymous_3)
FN:75,(anonymous_4)
FN:95,(anonymous_5)
FN:144,(anonymous_6)
FN:171,(anonymous_7)
FN:177,(anonymous_8)
FN:183,(anonymous_9)
FN:185,(anonymous_10)
FN:186,(anonymous_11)
FN:189,(anonymous_12)
FN:190,(anonymous_13)
FN:191,(anonymous_14)
FN:197,(anonymous_15)
FN:213,(anonymous_16)
FN:224,(anonymous_17)
FN:244,(anonymous_18)
FN:249,(anonymous_19)
FN:267,(anonymous_20)
FN:284,(anonymous_21)
FN:293,(anonymous_22)
FN:301,(anonymous_23)
FN:309,(anonymous_24)
FN:325,(anonymous_25)
FNF:26
FNH:1
FNDA:21,(anonymous_0)
FNDA:0,(anonymous_1)
FNDA:0,(anonymous_2)
FNDA:0,(anonymous_3)
FNDA:0,(anonymous_4)
FNDA:0,(anonymous_5)
FNDA:0,(anonymous_6)
FNDA:0,(anonymous_7)
FNDA:0,(anonymous_8)
FNDA:0,(anonymous_9)
FNDA:0,(anonymous_10)
FNDA:0,(anonymous_11)
FNDA:0,(anonymous_12)
FNDA:0,(anonymous_13)
FNDA:0,(anonymous_14)
FNDA:0,(anonymous_15)
FNDA:0,(anonymous_16)
FNDA:0,(anonymous_17)
FNDA:0,(anonymous_18)
FNDA:0,(anonymous_19)
FNDA:0,(anonymous_20)
FNDA:0,(anonymous_21)
FNDA:0,(anonymous_22)
FNDA:0,(anonymous_23)
FNDA:0,(anonymous_24)
FNDA:0,(anonymous_25)
DA:1,1
DA:2,1
DA:3,1
DA:31,1
DA:32,21
DA:33,20
DA:34,20
DA:35,20
DA:36,20
DA:37,20
DA:39,20
DA:40,20
DA:43,20
DA:44,20
DA:45,20
DA:48,20
DA:49,0
DA:50,0
DA:51,0
DA:53,0
DA:59,0
DA:60,0
DA:63,0
DA:64,0
DA:65,0
DA:67,0
DA:68,0
DA:70,0
DA:75,20
DA:76,0
DA:77,0
DA:83,0
DA:84,0
DA:90,0
DA:95,20
DA:96,0
DA:97,0
DA:106,0
DA:107,0
DA:108,0
DA:112,0
DA:114,0
DA:115,0
DA:144,20
DA:145,0
DA:146,0
DA:147,0
DA:150,0
DA:151,0
DA:158,0
DA:159,0
DA:160,0
DA:163,0
DA:165,0
DA:166,0
DA:171,20
DA:172,0
DA:173,0
DA:174,0
DA:177,20
DA:178,0
DA:179,0
DA:183,20
DA:184,0
DA:185,0
DA:186,0
DA:189,0
DA:190,0
DA:191,0
DA:192,0
DA:197,0
DA:198,0
DA:199,0
DA:204,20
DA:205,20
DA:208,0
DA:213,0
DA:224,0
DA:244,0
DA:249,0
DA:268,0
DA:284,0
DA:293,0
DA:301,0
DA:310,0
DA:311,0
DA:326,0
DA:359,1
LF:88
LH:25
BRDA:44,0,0,0
BRDA:44,0,1,0
BRDA:45,1,0,0
BRDA:45,1,1,0
BRDA:45,1,2,0
BRDA:51,2,0,0
BRDA:51,2,1,0
BRDA:59,3,0,0
BRDA:59,3,1,0
BRDA:83,4,0,0
BRDA:83,4,1,0
BRDA:106,5,0,0
BRDA:106,5,1,0
BRDA:108,6,0,0
BRDA:108,6,1,0
BRDA:145,7,0,0
BRDA:145,7,1,0
BRDA:158,8,0,0
BRDA:158,8,1,0
BRDA:160,9,0,0
BRDA:160,9,1,0
BRDA:173,10,0,0
BRDA:173,10,1,0
BRDA:174,11,0,0
BRDA:174,11,1,0
BRDA:184,12,0,0
BRDA:184,12,1,0
BRDA:192,13,0,0
BRDA:192,13,1,0
BRDA:204,14,0,20
BRDA:204,14,1,0
BRDA:220,15,0,0
BRDA:220,15,1,0
BRDA:261,16,0,0
BRDA:261,16,1,0
BRDA:274,17,0,0
BRDA:274,17,1,0
BRDA:275,18,0,0
BRDA:275,18,1,0
BRDA:276,19,0,0
BRDA:276,19,1,0
BRDA:285,20,0,0
BRDA:285,20,1,0
BRDA:291,21,0,0
BRDA:291,21,1,0
BRDA:299,22,0,0
BRDA:299,22,1,0
BRDA:307,23,0,0
BRDA:307,23,1,0
BRDA:307,23,2,0
BRDA:307,23,3,0
BRDA:310,24,0,0
BRDA:310,24,1,0
BRDA:322,25,0,0
BRDA:322,25,1,0
BRDA:330,26,0,0
BRDA:330,26,1,0
BRDA:348,27,0,0
BRDA:348,27,1,0
BRDA:348,27,2,0
BRF:60
BRH:1
end_of_record
TN:
SF:src/components/ProtectedRoute.tsx
FN:13,(anonymous_0)
FN:44,(anonymous_1)
FN:72,(anonymous_2)
FN:87,(anonymous_3)
FN:93,(anonymous_4)
FN:99,(anonymous_5)
FN:105,(anonymous_6)
FNF:7
FNH:0
FNDA:0,(anonymous_0)
FNDA:0,(anonymous_1)
FNDA:0,(anonymous_2)
FNDA:0,(anonymous_3)
FNDA:0,(anonymous_4)
FNDA:0,(anonymous_5)
FNDA:0,(anonymous_6)
DA:2,0
DA:3,0
DA:13,0
DA:20,0
DA:21,0
DA:24,0
DA:25,0
DA:29,0
DA:30,0
DA:44,0
DA:55,0
DA:56,0
DA:57,0
DA:59,0
DA:60,0
DA:72,0
DA:83,0
DA:87,0
DA:88,0
DA:93,0
DA:94,0
DA:99,0
DA:100,0
DA:105,0
DA:106,0
LF:25
LH:0
BRDA:17,0,0,0
BRDA:18,1,0,0
BRDA:24,2,0,0
BRDA:24,2,1,0
BRDA:24,3,0,0
BRDA:24,3,1,0
BRDA:29,4,0,0
BRDA:29,4,1,0
BRDA:29,5,0,0
BRDA:29,5,1,0
BRDA:29,5,2,0
BRDA:55,6,0,0
BRDA:55,6,1,0
BRDA:55,7,0,0
BRDA:55,7,1,0
BRDA:59,8,0,0
BRDA:59,8,1,0
BRF:17
BRH:0
end_of_record
TN:
SF:src/components/PublicMenu.tsx
FN:3,(anonymous_0)
FN:16,(anonymous_1)
FN:45,(anonymous_2)
FN:58,(anonymous_3)
FNF:4
FNH:0
FNDA:0,(anonymous_0)
FNDA:0,(anonymous_1)
FNDA:0,(anonymous_2)
FNDA:0,(anonymous_3)
DA:1,0
DA:3,0
DA:13,0
DA:16,0
DA:18,0
DA:19,0
DA:26,0
DA:46,0
DA:47,0
DA:49,0
DA:59,0
DA:60,0
DA:62,0
DA:115,0
LF:14
LH:0
BRDA:18,0,0,0
BRDA:18,0,1,0
BRDA:39,1,0,0
BRDA:39,1,1,0
BRDA:66,2,0,0
BRDA:66,2,1,0
BRDA:77,3,0,0
BRDA:77,3,1,0
BRDA:81,4,0,0
BRDA:81,4,1,0
BRDA:89,5,0,0
BRDA:89,5,1,0
BRF:12
BRH:0
end_of_record
TN:
SF:src/components/SchedulePlanner.tsx
FN:45,(anonymous_0)
FN:69,(anonymous_1)
FN:73,(anonymous_2)
FN:80,(anonymous_3)
FN:89,(anonymous_4)
FN:116,(anonymous_5)
FN:117,(anonymous_6)
FN:120,(anonymous_7)
FN:121,(anonymous_8)
FN:121,(anonymous_9)
FN:128,(anonymous_10)
FN:129,(anonymous_11)
FN:129,(anonymous_12)
FN:133,(anonymous_13)
FN:143,(anonymous_14)
FN:144,(anonymous_15)
FN:144,(anonymous_16)
FN:148,(anonymous_17)
FN:158,(anonymous_18)
FN:171,(anonymous_19)
FN:189,(anonymous_20)
FN:202,(anonymous_21)
FN:202,(anonymous_22)
FN:216,(anonymous_23)
FN:238,(anonymous_24)
FN:246,(anonymous_25)
FN:252,(anonymous_26)
FN:254,(anonymous_27)
FN:284,(anonymous_28)
FN:294,(anonymous_29)
FN:307,(anonymous_30)
FN:323,(anonymous_31)
FN:323,(anonymous_32)
FN:332,(anonymous_33)
FN:332,(anonymous_34)
FN:352,(anonymous_35)
FN:364,(anonymous_36)
FN:368,(anonymous_37)
FN:391,(anonymous_38)
FN:391,(anonymous_39)
FN:402,(anonymous_40)
FN:402,(anonymous_41)
FN:412,(anonymous_42)
FN:412,(anonymous_43)
FN:422,(anonymous_44)
FN:422,(anonymous_45)
FN:425,(anonymous_46)
FN:438,(anonymous_47)
FN:438,(anonymous_48)
FN:448,(anonymous_49)
FN:448,(anonymous_50)
FN:458,(anonymous_51)
FN:478,(anonymous_52)
FNF:53
FNH:0
FNDA:0,(anonymous_0)
FNDA:0,(anonymous_1)
FNDA:0,(anonymous_2)
FNDA:0,(anonymous_3)
FNDA:0,(anonymous_4)
FNDA:0,(anonymous_5)
FNDA:0,(anonymous_6)
FNDA:0,(anonymous_7)
FNDA:0,(anonymous_8)
FNDA:0,(anonymous_9)
FNDA:0,(anonymous_10)
FNDA:0,(anonymous_11)
FNDA:0,(anonymous_12)
FNDA:0,(anonymous_13)
FNDA:0,(anonymous_14)
FNDA:0,(anonymous_15)
FNDA:0,(anonymous_16)
FNDA:0,(anonymous_17)
FNDA:0,(anonymous_18)
FNDA:0,(anonymous_19)
FNDA:0,(anonymous_20)
FNDA:0,(anonymous_21)
FNDA:0,(anonymous_22)
FNDA:0,(anonymous_23)
FNDA:0,(anonymous_24)
FNDA:0,(anonymous_25)
FNDA:0,(anonymous_26)
FNDA:0,(anonymous_27)
FNDA:0,(anonymous_28)
FNDA:0,(anonymous_29)
FNDA:0,(anonymous_30)
FNDA:0,(anonymous_31)
FNDA:0,(anonymous_32)
FNDA:0,(anonymous_33)
FNDA:0,(anonymous_34)
FNDA:0,(anonymous_35)
FNDA:0,(anonymous_36)
FNDA:0,(anonymous_37)
FNDA:0,(anonymous_38)
FNDA:0,(anonymous_39)
FNDA:0,(anonymous_40)
FNDA:0,(anonymous_41)
FNDA:0,(anonymous_42)
FNDA:0,(anonymous_43)
FNDA:0,(anonymous_44)
FNDA:0,(anonymous_45)
FNDA:0,(anonymous_46)
FNDA:0,(anonymous_47)
FNDA:0,(anonymous_48)
FNDA:0,(anonymous_49)
FNDA:0,(anonymous_50)
FNDA:0,(anonymous_51)
FNDA:0,(anonymous_52)
DA:1,0
DA:2,0
DA:3,0
DA:4,0
DA:5,0
DA:6,0
DA:7,0
DA:8,0
DA:9,0
DA:10,0
DA:12,0
DA:45,0
DA:46,0
DA:47,0
DA:48,0
DA:49,0
DA:53,0
DA:54,0
DA:55,0
DA:64,0
DA:65,0
DA:67,0
DA:69,0
DA:70,0
DA:73,0
DA:74,0
DA:75,0
DA:76,0
DA:77,0
DA:78,0
DA:80,0
DA:81,0
DA:82,0
DA:83,0
DA:84,0
DA:89,0
DA:90,0
DA:91,0
DA:92,0
DA:97,0
DA:103,0
DA:104,0
DA:105,0
DA:107,0
DA:110,0
DA:112,0
DA:116,0
DA:117,0
DA:120,0
DA:121,0
DA:122,0
DA:128,0
DA:129,0
DA:130,0
DA:134,0
DA:143,0
DA:144,0
DA:145,0
DA:149,0
DA:158,0
DA:159,0
DA:160,0
DA:169,0
DA:170,0
DA:171,0
DA:172,0
DA:173,0
DA:182,0
DA:185,0
DA:189,0
DA:190,0
DA:191,0
DA:200,0
DA:201,0
DA:202,0
DA:203,0
DA:208,0
DA:209,0
DA:212,0
DA:216,0
DA:217,0
DA:218,0
DA:227,0
DA:230,0
DA:233,0
DA:238,0
DA:246,0
DA:247,0
DA:248,0
DA:250,0
DA:251,0
DA:252,0
DA:253,0
DA:254,0
DA:255,0
DA:258,0
DA:270,0
DA:272,0
DA:284,0
DA:294,0
DA:307,0
DA:323,0
DA:332,0
DA:352,0
DA:365,0
DA:368,0
DA:391,0
DA:402,0
DA:412,0
DA:422,0
DA:426,0
DA:438,0
DA:448,0
DA:458,0
DA:478,0
DA:489,0
LF:116
LH:0
BRDA:67,0,0,0
BRDA:67,0,1,0
BRDA:74,1,0,0
BRDA:74,1,1,0
BRDA:103,2,0,0
BRDA:103,2,1,0
BRDA:122,3,0,0
BRDA:122,3,1,0
BRDA:130,4,0,0
BRDA:130,4,1,0
BRDA:134,5,0,0
BRDA:134,5,1,0
BRDA:145,6,0,0
BRDA:145,6,1,0
BRDA:149,7,0,0
BRDA:149,7,1,0
BRDA:169,8,0,0
BRDA:169,8,1,0
BRDA:200,9,0,0
BRDA:200,9,1,0
BRDA:203,10,0,0
BRDA:203,10,1,0
BRDA:209,11,0,0
BRDA:209,11,1,0
BRDA:227,12,0,0
BRDA:227,12,1,0
BRDA:240,13,0,0
BRDA:240,13,1,0
BRDA:250,14,0,0
BRDA:250,14,1,0
BRDA:252,15,0,0
BRDA:252,15,1,0
BRDA:254,16,0,0
BRDA:254,16,1,0
BRDA:286,17,0,0
BRDA:286,17,1,0
BRDA:296,18,0,0
BRDA:296,18,1,0
BRDA:305,19,0,0
BRDA:305,19,1,0
BRDA:338,20,0,0
BRDA:338,20,1,0
BRDA:344,21,0,0
BRDA:344,21,1,0
BRDA:369,22,0,0
BRDA:369,22,1,0
BRDA:380,23,0,0
BRDA:380,23,1,0
BRDA:475,24,0,0
BRDA:475,24,1,0
BRDA:479,25,0,0
BRDA:479,25,1,0
BRF:52
BRH:0
end_of_record
TN:
SF:src/components/ShiftCard.tsx
FN:36,(anonymous_0)
FN:43,(anonymous_1)
FN:46,(anonymous_2)
FN:51,(anonymous_3)
FN:62,(anonymous_4)
FN:75,(anonymous_5)
FN:112,(anonymous_6)
FN:127,(anonymous_7)
FN:138,(anonymous_8)
FN:156,(anonymous_9)
FNF:10
FNH:0
FNDA:0,(anonymous_0)
FNDA:0,(anonymous_1)
FNDA:0,(anonymous_2)
FNDA:0,(anonymous_3)
FNDA:0,(anonymous_4)
FNDA:0,(anonymous_5)
FNDA:0,(anonymous_6)
FNDA:0,(anonymous_7)
FNDA:0,(anonymous_8)
FNDA:0,(anonymous_9)
DA:1,0
DA:2,0
DA:3,0
DA:36,0
DA:43,0
DA:46,0
DA:51,0
DA:52,0
DA:53,0
DA:54,0
DA:55,0
DA:56,0
DA:57,0
DA:58,0
DA:62,0
DA:63,0
DA:64,0
DA:65,0
DA:66,0
DA:67,0
DA:68,0
DA:69,0
DA:70,0
DA:74,0
DA:75,0
DA:77,0
DA:113,0
DA:128,0
DA:129,0
DA:139,0
DA:140,0
DA:157,0
DA:160,0
DA:174,0
LF:34
LH:0
BRDA:52,0,0,0
BRDA:52,0,1,0
BRDA:52,0,2,0
BRDA:52,0,3,0
BRDA:52,0,4,0
BRDA:52,0,5,0
BRDA:63,1,0,0
BRDA:63,1,1,0
BRDA:63,1,2,0
BRDA:63,1,3,0
BRDA:63,1,4,0
BRDA:63,1,5,0
BRDA:63,1,6,0
BRDA:82,2,0,0
BRDA:82,2,1,0
BRDA:83,3,0,0
BRDA:83,3,1,0
BRDA:106,4,0,0
BRDA:106,4,1,0
BRDA:111,5,0,0
BRDA:111,5,1,0
BRDA:123,6,0,0
BRDA:123,6,1,0
BRDA:125,7,0,0
BRDA:125,7,1,0
BRDA:136,8,0,0
BRDA:136,8,1,0
BRDA:154,9,0,0
BRDA:154,9,1,0
BRF:29
BRH:0
end_of_record
TN:
SF:src/components/TipManagement.tsx
FN:34,(anonymous_0)
FN:67,(anonymous_1)
FN:74,(anonymous_2)
FN:79,(anonymous_3)
FN:86,(anonymous_4)
FN:105,(anonymous_5)
FN:125,(anonymous_6)
FN:130,(anonymous_7)
FN:134,(anonymous_8)
FN:168,(anonymous_9)
FN:193,(anonymous_10)
FN:230,(anonymous_11)
FN:259,(anonymous_12)
FN:268,(anonymous_13)
FN:303,(anonymous_14)
FN:309,(anonymous_15)
FN:315,(anonymous_16)
FN:357,(anonymous_17)
FN:382,(anonymous_18)
FN:414,(anonymous_19)
FN:423,(anonymous_20)
FN:427,(anonymous_21)
FN:438,(anonymous_22)
FN:466,(anonymous_23)
FN:466,(anonymous_24)
FN:478,(anonymous_25)
FN:478,(anonymous_26)
FN:488,(anonymous_27)
FN:488,(anonymous_28)
FN:500,(anonymous_29)
FNF:30
FNH:0
FNDA:0,(anonymous_0)
FNDA:0,(anonymous_1)
FNDA:0,(anonymous_2)
FNDA:0,(anonymous_3)
FNDA:0,(anonymous_4)
FNDA:0,(anonymous_5)
FNDA:0,(anonymous_6)
FNDA:0,(anonymous_7)
FNDA:0,(anonymous_8)
FNDA:0,(anonymous_9)
FNDA:0,(anonymous_10)
FNDA:0,(anonymous_11)
FNDA:0,(anonymous_12)
FNDA:0,(anonymous_13)
FNDA:0,(anonymous_14)
FNDA:0,(anonymous_15)
FNDA:0,(anonymous_16)
FNDA:0,(anonymous_17)
FNDA:0,(anonymous_18)
FNDA:0,(anonymous_19)
FNDA:0,(anonymous_20)
FNDA:0,(anonymous_21)
FNDA:0,(anonymous_22)
FNDA:0,(anonymous_23)
FNDA:0,(anonymous_24)
FNDA:0,(anonymous_25)
FNDA:0,(anonymous_26)
FNDA:0,(anonymous_27)
FNDA:0,(anonymous_28)
FNDA:0,(anonymous_29)
DA:1,0
DA:2,0
DA:3,0
DA:34,0
DA:35,0
DA:36,0
DA:37,0
DA:38,0
DA:39,0
DA:40,0
DA:41,0
DA:46,0
DA:47,0
DA:48,0
DA:62,0
DA:63,0
DA:65,0
DA:67,0
DA:68,0
DA:69,0
DA:70,0
DA:74,0
DA:75,0
DA:76,0
DA:77,0
DA:79,0
DA:80,0
DA:81,0
DA:86,0
DA:87,0
DA:88,0
DA:94,0
DA:95,0
DA:96,0
DA:99,0
DA:101,0
DA:105,0
DA:106,0
DA:107,0
DA:113,0
DA:114,0
DA:115,0
DA:116,0
DA:117,0
DA:121,0
DA:125,0
DA:127,0
DA:130,0
DA:131,0
DA:134,0
DA:135,0
DA:136,0
DA:137,0
DA:140,0
DA:141,0
DA:153,0
DA:154,0
DA:155,0
DA:156,0
DA:157,0
DA:159,0
DA:160,0
DA:163,0
DA:164,0
DA:168,0
DA:169,0
DA:170,0
DA:173,0
DA:174,0
DA:181,0
DA:182,0
DA:183,0
DA:185,0
DA:188,0
DA:189,0
DA:193,0
DA:194,0
DA:195,0
DA:204,0
DA:205,0
DA:206,0
DA:207,0
DA:220,0
DA:222,0
DA:225,0
DA:226,0
DA:230,0
DA:231,0
DA:232,0
DA:245,0
DA:246,0
DA:247,0
DA:248,0
DA:250,0
DA:251,0
DA:254,0
DA:255,0
DA:259,0
DA:260,0
DA:261,0
DA:262,0
DA:263,0
DA:264,0
DA:268,0
DA:269,0
DA:275,0
DA:276,0
DA:285,0
DA:286,0
DA:293,0
DA:303,0
DA:309,0
DA:315,0
DA:358,0
DA:382,0
DA:414,0
DA:423,0
DA:428,0
DA:438,0
DA:466,0
DA:478,0
DA:488,0
DA:500,0
DA:519,0
LF:124
LH:0
BRDA:65,0,0,0
BRDA:65,0,1,0
BRDA:68,1,0,0
BRDA:68,1,1,0
BRDA:75,2,0,0
BRDA:75,2,1,0
BRDA:94,3,0,0
BRDA:94,3,1,0
BRDA:113,4,0,0
BRDA:113,4,1,0
BRDA:116,5,0,0
BRDA:116,5,1,0
BRDA:116,6,0,0
BRDA:116,6,1,0
BRDA:135,7,0,0
BRDA:135,7,1,0
BRDA:153,8,0,0
BRDA:153,8,1,0
BRDA:160,9,0,0
BRDA:160,9,1,0
BRDA:169,10,0,0
BRDA:169,10,1,0
BRDA:181,11,0,0
BRDA:181,11,1,0
BRDA:204,12,0,0
BRDA:204,12,1,0
BRDA:245,13,0,0
BRDA:245,13,1,0
BRDA:251,14,0,0
BRDA:251,14,1,0
BRDA:260,15,0,0
BRDA:260,15,1,0
BRDA:260,15,2,0
BRDA:260,15,3,0
BRDA:275,16,0,0
BRDA:275,16,1,0
BRDA:285,17,0,0
BRDA:285,17,1,0
BRDA:380,18,0,0
BRDA:380,18,1,0
BRDA:394,19,0,0
BRDA:394,19,1,0
BRDA:403,20,0,0
BRDA:403,20,1,0
BRDA:422,21,0,0
BRDA:422,21,1,0
BRDA:455,22,0,0
BRDA:455,22,1,0
BRF:48
BRH:0
end_of_record
TN:
SF:src/components/TipTracker.tsx
FN:26,(anonymous_0)
FN:42,(anonymous_1)
FN:46,(anonymous_2)
FN:51,(anonymous_3)
FN:58,(anonymous_4)
FN:86,(anonymous_5)
FN:103,(anonymous_6)
FN:108,(anonymous_7)
FN:113,(anonymous_8)
FN:147,(anonymous_9)
FN:157,(anonymous_10)
FN:200,(anonymous_11)
FN:200,(anonymous_12)
FN:209,(anonymous_13)
FN:209,(anonymous_14)
FN:319,(anonymous_15)
FN:344,(anonymous_16)
FN:385,(anonymous_17)
FN:394,(anonymous_18)
FNF:19
FNH:0
FNDA:0,(anonymous_0)
FNDA:0,(anonymous_1)
FNDA:0,(anonymous_2)
FNDA:0,(anonymous_3)
FNDA:0,(anonymous_4)
FNDA:0,(anonymous_5)
FNDA:0,(anonymous_6)
FNDA:0,(anonymous_7)
FNDA:0,(anonymous_8)
FNDA:0,(anonymous_9)
FNDA:0,(anonymous_10)
FNDA:0,(anonymous_11)
FNDA:0,(anonymous_12)
FNDA:0,(anonymous_13)
FNDA:0,(anonymous_14)
FNDA:0,(anonymous_15)
FNDA:0,(anonymous_16)
FNDA:0,(anonymous_17)
FNDA:0,(anonymous_18)
DA:1,0
DA:2,0
DA:3,0
DA:26,0
DA:27,0
DA:28,0
DA:29,0
DA:30,0
DA:34,0
DA:35,0
DA:36,0
DA:37,0
DA:39,0
DA:40,0
DA:42,0
DA:43,0
DA:46,0
DA:47,0
DA:48,0
DA:49,0
DA:51,0
DA:52,0
DA:53,0
DA:58,0
DA:59,0
DA:60,0
DA:61,0
DA:66,0
DA:72,0
DA:73,0
DA:74,0
DA:75,0
DA:77,0
DA:80,0
DA:82,0
DA:86,0
DA:87,0
DA:88,0
DA:94,0
DA:95,0
DA:96,0
DA:99,0
DA:103,0
DA:105,0
DA:108,0
DA:110,0
DA:113,0
DA:114,0
DA:115,0
DA:118,0
DA:119,0
DA:131,0
DA:132,0
DA:133,0
DA:134,0
DA:135,0
DA:136,0
DA:138,0
DA:139,0
DA:142,0
DA:143,0
DA:147,0
DA:148,0
DA:149,0
DA:150,0
DA:151,0
DA:152,0
DA:153,0
DA:157,0
DA:158,0
DA:164,0
DA:165,0
DA:172,0
DA:200,0
DA:209,0
DA:320,0
DA:345,0
DA:346,0
DA:347,0
DA:385,0
DA:395,0
DA:396,0
DA:397,0
DA:418,0
LF:84
LH:0
BRDA:47,0,0,0
BRDA:47,0,1,0
BRDA:72,1,0,0
BRDA:72,1,1,0
BRDA:94,2,0,0
BRDA:94,2,1,0
BRDA:114,3,0,0
BRDA:114,3,1,0
BRDA:114,4,0,0
BRDA:114,4,1,0
BRDA:131,5,0,0
BRDA:131,5,1,0
BRDA:139,6,0,0
BRDA:139,6,1,0
BRDA:148,7,0,0
BRDA:148,7,1,0
BRDA:148,7,2,0
BRDA:148,7,3,0
BRDA:148,7,4,0
BRDA:164,8,0,0
BRDA:164,8,1,0
BRDA:219,9,0,0
BRDA:219,9,1,0
BRDA:328,10,0,0
BRDA:328,10,1,0
BRDA:334,11,0,0
BRDA:334,11,1,0
BRDA:342,12,0,0
BRDA:342,12,1,0
BRDA:360,13,0,0
BRDA:360,13,1,0
BRDA:369,14,0,0
BRDA:369,14,1,0
BRDA:369,14,2,0
BRF:34
BRH:0
end_of_record
TN:
SF:src/components/UserAssignmentPanel.tsx
FN:42,(anonymous_0)
FN:54,(anonymous_1)
FN:56,(anonymous_2)
FN:61,(anonymous_3)
FN:66,(anonymous_4)
FN:70,(anonymous_5)
FN:82,(anonymous_6)
FN:96,(anonymous_7)
FN:124,(anonymous_8)
FN:175,(anonymous_9)
FN:195,(anonymous_10)
FN:204,(anonymous_11)
FN:210,(anonymous_12)
FN:222,(anonymous_13)
FN:257,(anonymous_14)
FN:257,(anonymous_15)
FN:258,(anonymous_16)
FN:261,(anonymous_17)
FN:286,(anonymous_18)
FN:287,(anonymous_19)
FN:301,(anonymous_20)
FN:310,(anonymous_21)
FN:316,(anonymous_22)
FNF:23
FNH:0
FNDA:0,(anonymous_0)
FNDA:0,(anonymous_1)
FNDA:0,(anonymous_2)
FNDA:0,(anonymous_3)
FNDA:0,(anonymous_4)
FNDA:0,(anonymous_5)
FNDA:0,(anonymous_6)
FNDA:0,(anonymous_7)
FNDA:0,(anonymous_8)
FNDA:0,(anonymous_9)
FNDA:0,(anonymous_10)
FNDA:0,(anonymous_11)
FNDA:0,(anonymous_12)
FNDA:0,(anonymous_13)
FNDA:0,(anonymous_14)
FNDA:0,(anonymous_15)
FNDA:0,(anonymous_16)
FNDA:0,(anonymous_17)
FNDA:0,(anonymous_18)
FNDA:0,(anonymous_19)
FNDA:0,(anonymous_20)
FNDA:0,(anonymous_21)
FNDA:0,(anonymous_22)
DA:1,0
DA:2,0
DA:42,0
DA:49,0
DA:50,0
DA:51,0
DA:52,0
DA:54,0
DA:57,0
DA:58,0
DA:61,0
DA:66,0
DA:67,0
DA:70,0
DA:71,0
DA:72,0
DA:73,0
DA:79,0
DA:80,0
DA:82,0
DA:83,0
DA:87,0
DA:90,0
DA:92,0
DA:96,0
DA:97,0
DA:98,0
DA:111,0
DA:112,0
DA:113,0
DA:114,0
DA:116,0
DA:117,0
DA:120,0
DA:124,0
DA:125,0
DA:127,0
DA:176,0
DA:195,0
DA:204,0
DA:210,0
DA:222,0
DA:257,0
DA:259,0
DA:261,0
DA:286,0
DA:288,0
DA:301,0
DA:310,0
DA:317,0
DA:318,0
DA:319,0
DA:335,0
LF:53
LH:0
BRDA:57,0,0,0
BRDA:57,0,1,0
BRDA:57,1,0,0
BRDA:57,1,1,0
BRDA:79,2,0,0
BRDA:79,2,1,0
BRDA:83,3,0,0
BRDA:83,3,1,0
BRDA:83,3,2,0
BRDA:83,3,3,0
BRDA:111,4,0,0
BRDA:111,4,1,0
BRDA:117,5,0,0
BRDA:117,5,1,0
BRDA:125,6,0,0
BRDA:125,6,1,0
BRDA:162,7,0,0
BRDA:162,7,1,0
BRDA:173,8,0,0
BRDA:173,8,1,0
BRDA:181,9,0,0
BRDA:181,9,1,0
BRDA:182,10,0,0
BRDA:182,10,1,0
BRDA:183,11,0,0
BRDA:183,11,1,0
BRDA:191,12,0,0
BRDA:191,12,1,0
BRDA:193,13,0,0
BRDA:193,13,1,0
BRDA:201,14,0,0
BRDA:201,14,1,0
BRDA:220,15,0,0
BRDA:220,15,1,0
BRDA:220,15,2,0
BRDA:238,16,0,0
BRDA:238,16,1,0
BRDA:238,16,2,0
BRDA:242,17,0,0
BRDA:242,17,1,0
BRDA:247,18,0,0
BRDA:247,18,1,0
BRDA:250,19,0,0
BRDA:250,19,1,0
BRDA:274,20,0,0
BRDA:274,20,1,0
BRDA:318,21,0,0
BRDA:318,21,1,0
BRF:48
BRH:0
end_of_record
TN:
SF:src/components/admin/AdminDashboard.backup.tsx
FN:83,(anonymous_0)
FN:106,(anonymous_1)
FN:115,(anonymous_2)
FN:122,(anonymous_3)
FN:131,(anonymous_4)
FN:148,(anonymous_5)
FN:165,(anonymous_6)
FN:184,(anonymous_7)
FN:201,(anonymous_8)
FN:206,(anonymous_9)
FN:211,(anonymous_10)
FN:237,(anonymous_11)
FN:261,(anonymous_12)
FN:287,(anonymous_13)
FN:294,(anonymous_14)
FN:300,(anonymous_15)
FN:321,(anonymous_16)
FN:372,(anonymous_17)
FN:375,(anonymous_18)
FN:497,(anonymous_19)
FN:530,(anonymous_20)
FN:547,(anonymous_21)
FN:587,(anonymous_22)
FN:625,(anonymous_23)
FN:655,(anonymous_24)
FN:690,(anonymous_25)
FN:697,(anonymous_26)
FN:724,(anonymous_27)
FN:724,(anonymous_28)
FN:735,(anonymous_29)
FN:735,(anonymous_30)
FN:747,(anonymous_31)
FN:747,(anonymous_32)
FN:758,(anonymous_33)
FN:758,(anonymous_34)
FN:769,(anonymous_35)
FN:769,(anonymous_36)
FN:782,(anonymous_37)
FNF:38
FNH:0
FNDA:0,(anonymous_0)
FNDA:0,(anonymous_1)
FNDA:0,(anonymous_2)
FNDA:0,(anonymous_3)
FNDA:0,(anonymous_4)
FNDA:0,(anonymous_5)
FNDA:0,(anonymous_6)
FNDA:0,(anonymous_7)
FNDA:0,(anonymous_8)
FNDA:0,(anonymous_9)
FNDA:0,(anonymous_10)
FNDA:0,(anonymous_11)
FNDA:0,(anonymous_12)
FNDA:0,(anonymous_13)
FNDA:0,(anonymous_14)
FNDA:0,(anonymous_15)
FNDA:0,(anonymous_16)
FNDA:0,(anonymous_17)
FNDA:0,(anonymous_18)
FNDA:0,(anonymous_19)
FNDA:0,(anonymous_20)
FNDA:0,(anonymous_21)
FNDA:0,(anonymous_22)
FNDA:0,(anonymous_23)
FNDA:0,(anonymous_24)
FNDA:0,(anonymous_25)
FNDA:0,(anonymous_26)
FNDA:0,(anonymous_27)
FNDA:0,(anonymous_28)
FNDA:0,(anonymous_29)
FNDA:0,(anonymous_30)
FNDA:0,(anonymous_31)
FNDA:0,(anonymous_32)
FNDA:0,(anonymous_33)
FNDA:0,(anonymous_34)
FNDA:0,(anonymous_35)
FNDA:0,(anonymous_36)
FNDA:0,(anonymous_37)
DA:1,0
DA:2,0
DA:3,0
DA:4,0
DA:83,0
DA:84,0
DA:85,0
DA:86,0
DA:87,0
DA:88,0
DA:89,0
DA:90,0
DA:91,0
DA:92,0
DA:93,0
DA:101,0
DA:102,0
DA:104,0
DA:106,0
DA:107,0
DA:108,0
DA:109,0
DA:110,0
DA:111,0
DA:115,0
DA:116,0
DA:117,0
DA:118,0
DA:119,0
DA:120,0
DA:122,0
DA:123,0
DA:124,0
DA:125,0
DA:126,0
DA:131,0
DA:132,0
DA:133,0
DA:139,0
DA:140,0
DA:141,0
DA:144,0
DA:148,0
DA:149,0
DA:150,0
DA:156,0
DA:157,0
DA:158,0
DA:161,0
DA:165,0
DA:166,0
DA:167,0
DA:173,0
DA:174,0
DA:175,0
DA:178,0
DA:180,0
DA:184,0
DA:185,0
DA:186,0
DA:192,0
DA:193,0
DA:194,0
DA:197,0
DA:201,0
DA:202,0
DA:203,0
DA:206,0
DA:207,0
DA:208,0
DA:211,0
DA:212,0
DA:213,0
DA:222,0
DA:223,0
DA:224,0
DA:225,0
DA:226,0
DA:228,0
DA:229,0
DA:232,0
DA:233,0
DA:237,0
DA:238,0
DA:239,0
DA:248,0
DA:249,0
DA:250,0
DA:252,0
DA:253,0
DA:256,0
DA:257,0
DA:261,0
DA:262,0
DA:263,0
DA:266,0
DA:267,0
DA:274,0
DA:275,0
DA:276,0
DA:278,0
DA:279,0
DA:282,0
DA:283,0
DA:287,0
DA:288,0
DA:294,0
DA:295,0
DA:296,0
DA:297,0
DA:300,0
DA:301,0
DA:302,0
DA:303,0
DA:306,0
DA:308,0
DA:309,0
DA:321,0
DA:332,0
DA:333,0
DA:343,0
DA:373,0
DA:375,0
DA:498,0
DA:530,0
DA:547,0
DA:588,0
DA:589,0
DA:625,0
DA:656,0
DA:690,0
DA:697,0
DA:724,0
DA:735,0
DA:747,0
DA:758,0
DA:769,0
DA:782,0
DA:802,0
LF:139
LH:0
BRDA:104,0,0,0
BRDA:104,0,1,0
BRDA:107,1,0,0
BRDA:107,1,1,0
BRDA:116,2,0,0
BRDA:116,2,1,0
BRDA:116,3,0,0
BRDA:116,3,1,0
BRDA:139,4,0,0
BRDA:139,4,1,0
BRDA:156,5,0,0
BRDA:156,5,1,0
BRDA:173,6,0,0
BRDA:173,6,1,0
BRDA:192,7,0,0
BRDA:192,7,1,0
BRDA:222,8,0,0
BRDA:222,8,1,0
BRDA:229,9,0,0
BRDA:229,9,1,0
BRDA:248,10,0,0
BRDA:248,10,1,0
BRDA:253,11,0,0
BRDA:253,11,1,0
BRDA:262,12,0,0
BRDA:262,12,1,0
BRDA:274,13,0,0
BRDA:274,13,1,0
BRDA:279,14,0,0
BRDA:279,14,1,0
BRDA:295,15,0,0
BRDA:295,15,1,0
BRDA:296,16,0,0
BRDA:296,16,1,0
BRDA:301,17,0,0
BRDA:301,17,1,0
BRDA:302,18,0,0
BRDA:302,18,1,0
BRDA:308,19,0,0
BRDA:308,19,1,0
BRDA:332,20,0,0
BRDA:332,20,1,0
BRDA:377,21,0,0
BRDA:377,21,1,0
BRDA:384,22,0,0
BRDA:384,22,1,0
BRDA:385,23,0,0
BRDA:385,23,1,0
BRDA:386,24,0,0
BRDA:386,24,1,0
BRDA:397,25,0,0
BRDA:397,25,1,0
BRDA:397,25,2,0
BRDA:488,26,0,0
BRDA:488,26,1,0
BRDA:523,27,0,0
BRDA:523,27,1,0
BRDA:588,28,0,0
BRDA:588,28,1,0
BRDA:620,29,0,0
BRDA:620,29,1,0
BRDA:656,30,0,0
BRDA:656,30,1,0
BRDA:667,31,0,0
BRDA:667,31,1,0
BRDA:668,32,0,0
BRDA:668,32,1,0
BRDA:669,33,0,0
BRDA:669,33,1,0
BRDA:677,34,0,0
BRDA:677,34,1,0
BRDA:679,35,0,0
BRDA:679,35,1,0
BRDA:695,36,0,0
BRDA:695,36,1,0
BRDA:713,37,0,0
BRDA:713,37,1,0
BRDA:775,38,0,0
BRDA:775,38,1,0
BRF:79
BRH:0
end_of_record
TN:
SF:src/contexts/AuthContext.tsx
FN:47,(anonymous_0)
FN:59,(anonymous_1)
FN:64,(anonymous_2)
FN:74,(anonymous_3)
FN:97,(anonymous_4)
FN:120,(anonymous_5)
FN:141,(anonymous_6)
FN:142,(anonymous_7)
FN:143,(anonymous_8)
FN:144,(anonymous_9)
FN:145,(anonymous_10)
FN:148,(anonymous_11)
FN:149,(anonymous_12)
FN:150,(anonymous_13)
FN:153,(anonymous_14)
FN:154,(anonymous_15)
FN:155,(anonymous_16)
FN:156,(anonymous_17)
FN:157,(anonymous_18)
FN:160,(anonymous_19)
FN:166,(anonymous_20)
FNF:21
FNH:11
FNDA:19,(anonymous_0)
FNDA:27,(anonymous_1)
FNDA:13,(anonymous_2)
FNDA:9,(anonymous_3)
FNDA:1,(anonymous_4)
FNDA:1,(anonymous_5)
FNDA:0,(anonymous_6)
FNDA:0,(anonymous_7)
FNDA:0,(anonymous_8)
FNDA:0,(anonymous_9)
FNDA:0,(anonymous_10)
FNDA:14,(anonymous_11)
FNDA:14,(anonymous_12)
FNDA:0,(anonymous_13)
FNDA:14,(anonymous_14)
FNDA:14,(anonymous_15)
FNDA:14,(anonymous_16)
FNDA:0,(anonymous_17)
FNDA:0,(anonymous_18)
FNDA:0,(anonymous_19)
FNDA:0,(anonymous_20)
DA:1,1
DA:37,1
DA:45,1
DA:47,1
DA:48,19
DA:49,18
DA:50,4
DA:52,14
DA:59,1
DA:60,27
DA:61,27
DA:64,27
DA:65,13
DA:66,13
DA:68,9
DA:70,4
DA:74,27
DA:75,9
DA:76,9
DA:82,7
DA:83,6
DA:84,5
DA:87,1
DA:90,3
DA:91,3
DA:93,9
DA:97,27
DA:98,1
DA:99,1
DA:107,1
DA:108,0
DA:109,0
DA:110,0
DA:111,0
DA:113,1
DA:115,0
DA:116,0
DA:120,27
DA:121,1
DA:122,1
DA:123,1
DA:125,1
DA:133,0
DA:135,1
DA:136,1
DA:141,27
DA:142,27
DA:143,27
DA:144,27
DA:145,27
DA:148,27
DA:149,27
DA:150,27
DA:153,27
DA:154,27
DA:155,27
DA:156,27
DA:157,27
DA:160,27
DA:161,0
DA:162,0
DA:166,27
DA:167,0
DA:168,0
DA:171,27
DA:173,27
DA:199,27
DA:200,13
DA:207,14
LF:69
LH:58
BRDA:49,0,0,4
BRDA:49,0,1,14
BRDA:66,1,0,9
BRDA:66,1,1,4
BRDA:82,2,0,6
BRDA:82,2,1,1
BRDA:107,3,0,0
BRDA:107,3,1,1
BRDA:123,4,0,1
BRDA:123,4,1,0
BRDA:148,5,0,14
BRDA:148,5,1,5
BRDA:149,6,0,14
BRDA:149,6,1,5
BRDA:150,7,0,0
BRDA:150,7,1,0
BRDA:153,8,0,14
BRDA:153,8,1,5
BRDA:154,9,0,14
BRDA:154,9,1,5
BRDA:155,10,0,14
BRDA:155,10,1,5
BRDA:156,11,0,0
BRDA:156,11,1,0
BRDA:157,12,0,0
BRDA:157,12,1,0
BRDA:161,13,0,0
BRDA:161,13,1,0
BRDA:167,14,0,0
BRDA:167,14,1,0
BRDA:199,15,0,13
BRDA:199,15,1,14
BRF:32
BRH:20
end_of_record
TN:
SF:src/contexts/SocketContext.tsx
FN:10,(anonymous_0)
FN:23,(anonymous_1)
FNF:2
FNH:0
FNDA:0,(anonymous_0)
FNDA:0,(anonymous_1)
DA:1,0
DA:8,0
DA:10,0
DA:11,0
DA:12,0
DA:13,0
DA:15,0
DA:23,0
DA:24,0
DA:28,0
LF:10
LH:0
BRDA:12,0,0,0
BRDA:12,0,1,0
BRF:2
BRH:0
end_of_record
TN:
SF:src/hooks/useApi.ts
FN:17,(anonymous_0)
FN:26,(anonymous_1)
FN:34,(anonymous_2)
FN:69,(anonymous_3)
FN:87,(anonymous_4)
FN:97,(anonymous_5)
FN:113,(anonymous_6)
FN:127,(anonymous_7)
FN:145,(anonymous_8)
FN:160,(anonymous_9)
FN:181,(anonymous_10)
FN:187,(anonymous_11)
FNF:12
FNH:0
FNDA:0,(anonymous_0)
FNDA:0,(anonymous_1)
FNDA:0,(anonymous_2)
FNDA:0,(anonymous_3)
FNDA:0,(anonymous_4)
FNDA:0,(anonymous_5)
FNDA:0,(anonymous_6)
FNDA:0,(anonymous_7)
FNDA:0,(anonymous_8)
FNDA:0,(anonymous_9)
FNDA:0,(anonymous_10)
FNDA:0,(anonymous_11)
DA:1,0
DA:2,0
DA:17,0
DA:21,0
DA:22,0
DA:23,0
DA:24,0
DA:26,0
DA:27,0
DA:28,0
DA:34,0
DA:35,0
DA:36,0
DA:38,0
DA:39,0
DA:40,0
DA:43,0
DA:44,0
DA:45,0
DA:48,0
DA:54,0
DA:55,0
DA:58,0
DA:61,0
DA:62,0
DA:63,0
DA:64,0
DA:68,0
DA:69,0
DA:70,0
DA:71,0
DA:74,0
DA:75,0
DA:76,0
DA:79,0
DA:80,0
DA:81,0
DA:83,0
DA:87,0
DA:88,0
DA:89,0
DA:90,0
DA:93,0
DA:97,0
DA:98,0
DA:99,0
DA:100,0
DA:101,0
DA:102,0
DA:104,0
DA:113,0
DA:114,0
DA:115,0
DA:116,0
DA:117,0
DA:119,0
DA:127,0
DA:128,0
DA:129,0
DA:130,0
DA:131,0
DA:132,0
DA:133,0
DA:135,0
DA:145,0
DA:146,0
DA:147,0
DA:148,0
DA:149,0
DA:151,0
DA:160,0
DA:178,0
DA:181,0
DA:182,0
DA:183,0
DA:187,0
DA:188,0
DA:189,0
DA:190,0
DA:193,0
LF:80
LH:0
BRDA:19,0,0,0
BRDA:30,1,0,0
BRDA:30,1,1,0
BRDA:43,2,0,0
BRDA:43,2,1,0
BRDA:43,3,0,0
BRDA:43,3,1,0
BRDA:54,4,0,0
BRDA:54,4,1,0
BRDA:54,5,0,0
BRDA:54,5,1,0
BRDA:61,6,0,0
BRDA:61,6,1,0
BRDA:68,7,0,0
BRDA:68,7,1,0
BRDA:70,8,0,0
BRDA:70,8,1,0
BRDA:79,9,0,0
BRDA:79,9,1,0
BRDA:182,10,0,0
BRDA:182,10,1,0
BRDA:182,11,0,0
BRDA:182,11,1,0
BRDA:189,12,0,0
BRDA:189,12,1,0
BRDA:189,13,0,0
BRDA:189,13,1,0
BRF:27
BRH:0
end_of_record
TN:
SF:src/hooks/useRealTimeMenu.ts
FN:54,(anonymous_0)
FN:63,(anonymous_1)
FN:94,(anonymous_2)
FN:97,(anonymous_3)
FN:106,(anonymous_4)
FN:110,(anonymous_5)
FN:116,(anonymous_6)
FN:125,(anonymous_7)
FN:135,(anonymous_8)
FN:143,(anonymous_9)
FN:148,(anonymous_10)
FN:149,(anonymous_11)
FN:152,(anonymous_12)
FN:153,(anonymous_13)
FN:156,(anonymous_14)
FN:157,(anonymous_15)
FN:160,(anonymous_16)
FN:161,(anonymous_17)
FN:164,(anonymous_18)
FN:165,(anonymous_19)
FN:168,(anonymous_20)
FN:169,(anonymous_21)
FN:172,(anonymous_22)
FN:173,(anonymous_23)
FN:177,(anonymous_24)
FN:178,(anonymous_25)
FN:182,(anonymous_26)
FN:219,(anonymous_27)
FN:224,(anonymous_28)
FN:227,(anonymous_29)
FN:229,(anonymous_30)
FN:233,(anonymous_31)
FN:236,(anonymous_32)
FN:238,(anonymous_33)
FN:251,(anonymous_34)
FN:257,(anonymous_35)
FNF:36
FNH:0
FNDA:0,(anonymous_0)
FNDA:0,(anonymous_1)
FNDA:0,(anonymous_2)
FNDA:0,(anonymous_3)
FNDA:0,(anonymous_4)
FNDA:0,(anonymous_5)
FNDA:0,(anonymous_6)
FNDA:0,(anonymous_7)
FNDA:0,(anonymous_8)
FNDA:0,(anonymous_9)
FNDA:0,(anonymous_10)
FNDA:0,(anonymous_11)
FNDA:0,(anonymous_12)
FNDA:0,(anonymous_13)
FNDA:0,(anonymous_14)
FNDA:0,(anonymous_15)
FNDA:0,(anonymous_16)
FNDA:0,(anonymous_17)
FNDA:0,(anonymous_18)
FNDA:0,(anonymous_19)
FNDA:0,(anonymous_20)
FNDA:0,(anonymous_21)
FNDA:0,(anonymous_22)
FNDA:0,(anonymous_23)
FNDA:0,(anonymous_24)
FNDA:0,(anonymous_25)
FNDA:0,(anonymous_26)
FNDA:0,(anonymous_27)
FNDA:0,(anonymous_28)
FNDA:0,(anonymous_29)
FNDA:0,(anonymous_30)
FNDA:0,(anonymous_31)
FNDA:0,(anonymous_32)
FNDA:0,(anonymous_33)
FNDA:0,(anonymous_34)
FNDA:0,(anonymous_35)
DA:1,0
DA:2,0
DA:54,0
DA:55,0
DA:56,0
DA:57,0
DA:58,0
DA:59,0
DA:60,0
DA:63,0
DA:64,0
DA:65,0
DA:66,0
DA:75,0
DA:76,0
DA:77,0
DA:80,0
DA:81,0
DA:82,0
DA:85,0
DA:87,0
DA:89,0
DA:94,0
DA:95,0
DA:97,0
DA:98,0
DA:101,0
DA:102,0
DA:103,0
DA:106,0
DA:109,0
DA:110,0
DA:111,0
DA:112,0
DA:115,0
DA:116,0
DA:117,0
DA:118,0
DA:120,0
DA:121,0
DA:125,0
DA:126,0
DA:131,0
DA:132,0
DA:133,0
DA:135,0
DA:136,0
DA:137,0
DA:138,0
DA:143,0
DA:144,0
DA:148,0
DA:149,0
DA:152,0
DA:153,0
DA:156,0
DA:157,0
DA:160,0
DA:161,0
DA:164,0
DA:165,0
DA:168,0
DA:169,0
DA:172,0
DA:173,0
DA:174,0
DA:177,0
DA:178,0
DA:179,0
DA:182,0
DA:183,0
DA:186,0
DA:219,0
DA:220,0
DA:221,0
DA:222,0
DA:224,0
DA:225,0
DA:227,0
DA:228,0
DA:229,0
DA:230,0
DA:233,0
DA:234,0
DA:236,0
DA:237,0
DA:238,0
DA:248,0
DA:249,0
DA:251,0
DA:252,0
DA:253,0
DA:257,0
DA:258,0
DA:261,0
LF:95
LH:0
BRDA:75,0,0,0
BRDA:75,0,1,0
BRDA:80,1,0,0
BRDA:80,1,1,0
BRDA:95,2,0,0
BRDA:95,2,1,0
BRDA:109,3,0,0
BRDA:109,3,1,0
BRDA:111,4,0,0
BRDA:111,4,1,0
BRDA:115,5,0,0
BRDA:115,5,1,0
BRDA:117,6,0,0
BRDA:117,6,1,0
BRDA:120,7,0,0
BRDA:120,7,1,0
BRDA:120,8,0,0
BRDA:120,8,1,0
BRDA:161,9,0,0
BRDA:161,9,1,0
BRDA:174,10,0,0
BRDA:174,10,1,0
BRDA:179,11,0,0
BRDA:179,11,1,0
BRDA:225,12,0,0
BRDA:225,12,1,0
BRDA:234,13,0,0
BRDA:234,13,1,0
BRDA:237,14,0,0
BRDA:237,14,1,0
BRDA:237,15,0,0
BRDA:237,15,1,0
BRF:32
BRH:0
end_of_record
TN:
SF:src/hooks/useSocket.ts
FN:5,(anonymous_0)
FN:9,(anonymous_1)
FN:20,(anonymous_2)
FN:24,(anonymous_3)
FN:30,(anonymous_4)
FNF:5
FNH:2
FNDA:20,(anonymous_0)
FNDA:20,(anonymous_1)
FNDA:0,(anonymous_2)
FNDA:0,(anonymous_3)
FNDA:0,(anonymous_4)
DA:1,1
DA:2,1
DA:3,1
DA:5,1
DA:6,20
DA:7,20
DA:9,20
DA:10,20
DA:11,20
DA:18,0
DA:20,0
DA:21,0
DA:24,0
DA:25,0
DA:28,0
DA:30,0
DA:31,0
DA:36,20
LF:18
LH:10
BRDA:10,0,0,20
BRDA:10,0,1,0
BRF:2
BRH:1
end_of_record
